# JRE version: OpenJDK Runtime Environment (11.0.11+9) (build 11.0.11+9-b60-7590822)
# Java VM: OpenJDK 64-Bit Server VM (11.0.11+9-b60-7590822, mixed mode, tiered, compressed oops, g1 gc, windows-amd64)
Heap:
 garbage-first heap   total 490496K, used 191377K [0x0000000080000000, 0x0000000100000000)
  region size 1024K, 5 young (5120K), 5 survivors (5120K)
 Metaspace       used 132076K, capacity 135630K, committed 135700K, reserved 1167360K
  class space    used 16260K, capacity 17553K, committed 17612K, reserved 1048576K
GC Heap History (20 events):
Event: 83.302 GC heap after
{Heap after GC invocations=81 (full 0):
 garbage-first heap   total 237568K, used 207253K [0x0000000080000000, 0x0000000100000000)
  region size 1024K, 2 young (2048K), 2 survivors (2048K)
 Metaspace       used 125495K, capacity 128944K, committed 129300K, reserved 1161216K
  class space    used 15713K, capacity 16989K, committed 17100K, reserved 1048576K
}
Event: 83.492 GC heap before
{Heap before GC invocations=81 (full 0):
 garbage-first heap   total 237568K, used 216469K [0x0000000080000000, 0x0000000100000000)
  region size 1024K, 11 young (11264K), 2 survivors (2048K)
 Metaspace       used 125660K, capacity 129136K, committed 129300K, reserved 1161216K
  class space    used 15721K, capacity 16989K, committed 17100K, reserved 1048576K
}
Event: 83.503 GC heap after
{Heap after GC invocations=82 (full 0):
 garbage-first heap   total 237568K, used 208464K [0x0000000080000000, 0x0000000100000000)
  region size 1024K, 2 young (2048K), 2 survivors (2048K)
 Metaspace       used 125660K, capacity 129136K, committed 129300K, reserved 1161216K
  class space    used 15721K, capacity 16989K, committed 17100K, reserved 1048576K
}
Event: 83.767 GC heap before
{Heap before GC invocations=82 (full 0):
 garbage-first heap   total 237568K, used 223824K [0x0000000080000000, 0x0000000100000000)
  region size 1024K, 11 young (11264K), 2 survivors (2048K)
 Metaspace       used 125687K, capacity 129201K, committed 129556K, reserved 1161216K
  class space    used 15719K, capacity 17010K, committed 17100K, reserved 1048576K
}
Event: 83.776 GC heap after
{Heap after GC invocations=83 (full 0):
 garbage-first heap   total 237568K, used 207778K [0x0000000080000000, 0x0000000100000000)
  region size 1024K, 2 young (2048K), 2 survivors (2048K)
 Metaspace       used 125687K, capacity 129201K, committed 129556K, reserved 1161216K
  class space    used 15719K, capacity 17010K, committed 17100K, reserved 1048576K
}
Event: 83.922 GC heap before
{Heap before GC invocations=84 (full 0):
 garbage-first heap   total 237568K, used 215970K [0x0000000080000000, 0x0000000100000000)
  region size 1024K, 11 young (11264K), 2 survivors (2048K)
 Metaspace       used 125696K, capacity 129201K, committed 129556K, reserved 1161216K
  class space    used 15719K, capacity 17010K, committed 17100K, reserved 1048576K
}
Event: 83.930 GC heap after
{Heap after GC invocations=85 (full 0):
 garbage-first heap   total 237568K, used 209098K [0x0000000080000000, 0x0000000100000000)
  region size 1024K, 2 young (2048K), 2 survivors (2048K)
 Metaspace       used 125696K, capacity 129201K, committed 129556K, reserved 1161216K
  class space    used 15719K, capacity 17010K, committed 17100K, reserved 1048576K
}
Event: 84.044 GC heap before
{Heap before GC invocations=85 (full 0):
 garbage-first heap   total 237568K, used 217290K [0x0000000080000000, 0x0000000100000000)
  region size 1024K, 11 young (11264K), 2 survivors (2048K)
 Metaspace       used 125702K, capacity 129201K, committed 129556K, reserved 1161216K
  class space    used 15719K, capacity 17010K, committed 17100K, reserved 1048576K
}
Event: 84.056 GC heap after
{Heap after GC invocations=86 (full 0):
 garbage-first heap   total 237568K, used 189978K [0x0000000080000000, 0x0000000100000000)
  region size 1024K, 2 young (2048K), 2 survivors (2048K)
 Metaspace       used 125702K, capacity 129201K, committed 129556K, reserved 1161216K
  class space    used 15719K, capacity 17010K, committed 17100K, reserved 1048576K
}
Event: 84.166 GC heap before
{Heap before GC invocations=86 (full 0):
 garbage-first heap   total 237568K, used 199194K [0x0000000080000000, 0x0000000100000000)
  region size 1024K, 11 young (11264K), 2 survivors (2048K)
 Metaspace       used 125738K, capacity 129205K, committed 129556K, reserved 1161216K
  class space    used 15721K, capacity 17011K, committed 17100K, reserved 1048576K
}
Event: 84.187 GC heap after
{Heap after GC invocations=87 (full 0):
 garbage-first heap   total 319488K, used 183685K [0x0000000080000000, 0x0000000100000000)
  region size 1024K, 1 young (1024K), 1 survivors (1024K)
 Metaspace       used 125738K, capacity 129205K, committed 129556K, reserved 1161216K
  class space    used 15721K, capacity 17011K, committed 17100K, reserved 1048576K
}
Event: 84.557 GC heap before
{Heap before GC invocations=87 (full 0):
 garbage-first heap   total 319488K, used 227717K [0x0000000080000000, 0x0000000100000000)
  region size 1024K, 44 young (45056K), 1 survivors (1024K)
 Metaspace       used 125751K, capacity 129269K, committed 129556K, reserved 1161216K
  class space    used 15721K, capacity 17011K, committed 17100K, reserved 1048576K
}
Event: 84.562 GC heap after
{Heap after GC invocations=88 (full 0):
 garbage-first heap   total 319488K, used 183790K [0x0000000080000000, 0x0000000100000000)
  region size 1024K, 1 young (1024K), 1 survivors (1024K)
 Metaspace       used 125751K, capacity 129269K, committed 129556K, reserved 1161216K
  class space    used 15721K, capacity 17011K, committed 17100K, reserved 1048576K
}
Event: 85.057 GC heap before
{Heap before GC invocations=88 (full 0):
 garbage-first heap   total 319488K, used 249326K [0x0000000080000000, 0x0000000100000000)
  region size 1024K, 49 young (50176K), 1 survivors (1024K)
 Metaspace       used 126055K, capacity 129536K, committed 129812K, reserved 1163264K
  class space    used 15743K, capacity 17025K, committed 17100K, reserved 1048576K
}
Event: 85.062 GC heap after
{Heap after GC invocations=89 (full 0):
 garbage-first heap   total 319488K, used 184526K [0x0000000080000000, 0x0000000100000000)
  region size 1024K, 2 young (2048K), 2 survivors (2048K)
 Metaspace       used 126055K, capacity 129536K, committed 129812K, reserved 1163264K
  class space    used 15743K, capacity 17025K, committed 17100K, reserved 1048576K
}
Event: 85.675 GC heap before
{Heap before GC invocations=89 (full 0):
 garbage-first heap   total 319488K, used 237774K [0x0000000080000000, 0x0000000100000000)
  region size 1024K, 54 young (55296K), 2 survivors (2048K)
 Metaspace       used 129906K, capacity 133469K, committed 133780K, reserved 1165312K
  class space    used 16061K, capacity 17346K, committed 17484K, reserved 1048576K
}
Event: 85.689 GC heap after
{Heap after GC invocations=90 (full 0):
 garbage-first heap   total 319488K, used 190245K [0x0000000080000000, 0x0000000100000000)
  region size 1024K, 7 young (7168K), 7 survivors (7168K)
 Metaspace       used 129906K, capacity 133469K, committed 133780K, reserved 1165312K
  class space    used 16061K, capacity 17346K, committed 17484K, reserved 1048576K
}
Event: 86.043 GC heap before
{Heap before GC invocations=90 (full 0):
 garbage-first heap   total 319488K, used 243493K [0x0000000080000000, 0x0000000100000000)
  region size 1024K, 60 young (61440K), 7 survivors (7168K)
 Metaspace       used 130661K, capacity 134142K, committed 134292K, reserved 1167360K
  class space    used 16106K, capacity 17378K, committed 17484K, reserved 1048576K
}
Event: 86.053 GC heap after
{Heap after GC invocations=91 (full 0):
 garbage-first heap   total 319488K, used 190038K [0x0000000080000000, 0x0000000100000000)
  region size 1024K, 4 young (4096K), 4 survivors (4096K)
 Metaspace       used 130661K, capacity 134142K, committed 134292K, reserved 1167360K
  class space    used 16106K, capacity 17378K, committed 17484K, reserved 1048576K
}
Event: 86.429 GC heap before
{Heap before GC invocations=91 (full 0):
 garbage-first heap   total 319488K, used 245334K [0x0000000080000000, 0x0000000100000000)
  region size 1024K, 59 young (60416K), 4 survivors (4096K)
 Metaspace       used 132076K, capacity 135630K, committed 135700K, reserved 1167360K
  class space    used 16260K, capacity 17553K, committed 17612K, reserved 1048576K
}

