# JRE version: OpenJDK Runtime Environment (11.0.11+9) (build 11.0.11+9-b60-7590822)
# Java VM: OpenJDK 64-Bit Server VM (11.0.11+9-b60-7590822, mixed mode, tiered, compressed oops, g1 gc, windows-amd64)
Heap:
 garbage-first heap   total 158720K, used 34662K [0x0000000080400000, 0x0000000100000000)
  region size 1024K, 14 young (14336K), 6 survivors (6144K)
 Metaspace       used 45728K, capacity 46242K, committed 46384K, reserved 1089536K
  class space    used 5452K, capacity 5670K, committed 5760K, reserved 1048576K
GC Heap History (10 events):
Event: 0.739 GC heap before
{Heap before GC invocations=0 (full 0):
 garbage-first heap   total 131072K, used 27648K [0x0000000080400000, 0x0000000100000000)
  region size 1024K, 24 young (24576K), 0 survivors (0K)
 Metaspace       used 12371K, capacity 12440K, committed 12544K, reserved 1060864K
  class space    used 1165K, capacity 1207K, committed 1280K, reserved 1048576K
}
Event: 0.744 GC heap after
{Heap after GC invocations=1 (full 0):
 garbage-first heap   total 131072K, used 5973K [0x0000000080400000, 0x0000000100000000)
  region size 1024K, 3 young (3072K), 3 survivors (3072K)
 Metaspace       used 12371K, capacity 12440K, committed 12544K, reserved 1060864K
  class space    used 1165K, capacity 1207K, committed 1280K, reserved 1048576K
}
Event: 1.555 GC heap before
{Heap before GC invocations=1 (full 0):
 garbage-first heap   total 131072K, used 41813K [0x0000000080400000, 0x0000000100000000)
  region size 1024K, 39 young (39936K), 3 survivors (3072K)
 Metaspace       used 20928K, capacity 21178K, committed 21296K, reserved 1069056K
  class space    used 2273K, capacity 2379K, committed 2432K, reserved 1048576K
}
Event: 1.567 GC heap after
{Heap after GC invocations=2 (full 0):
 garbage-first heap   total 131072K, used 9318K [0x0000000080400000, 0x0000000100000000)
  region size 1024K, 7 young (7168K), 7 survivors (7168K)
 Metaspace       used 20928K, capacity 21178K, committed 21296K, reserved 1069056K
  class space    used 2273K, capacity 2379K, committed 2432K, reserved 1048576K
}
Event: 2.664 GC heap before
{Heap before GC invocations=3 (full 0):
 garbage-first heap   total 131072K, used 63590K [0x0000000080400000, 0x0000000100000000)
  region size 1024K, 55 young (56320K), 7 survivors (7168K)
 Metaspace       used 31565K, capacity 32032K, committed 32432K, reserved 1077248K
  class space    used 3788K, capacity 3972K, committed 4096K, reserved 1048576K
}
Event: 2.686 GC heap after
{Heap after GC invocations=4 (full 0):
 garbage-first heap   total 131072K, used 20899K [0x0000000080400000, 0x0000000100000000)
  region size 1024K, 7 young (7168K), 7 survivors (7168K)
 Metaspace       used 31565K, capacity 32032K, committed 32432K, reserved 1077248K
  class space    used 3788K, capacity 3972K, committed 4096K, reserved 1048576K
}
Event: 2.996 GC heap before
{Heap before GC invocations=4 (full 0):
 garbage-first heap   total 131072K, used 36259K [0x0000000080400000, 0x0000000100000000)
  region size 1024K, 23 young (23552K), 7 survivors (7168K)
 Metaspace       used 35252K, capacity 35729K, committed 35920K, reserved 1081344K
  class space    used 4404K, capacity 4583K, committed 4608K, reserved 1048576K
}
Event: 3.017 GC heap after
{Heap after GC invocations=5 (full 0):
 garbage-first heap   total 131072K, used 23305K [0x0000000080400000, 0x0000000100000000)
  region size 1024K, 6 young (6144K), 6 survivors (6144K)
 Metaspace       used 35252K, capacity 35729K, committed 35920K, reserved 1081344K
  class space    used 4404K, capacity 4583K, committed 4608K, reserved 1048576K
}
Event: 3.834 GC heap before
{Heap before GC invocations=6 (full 0):
 garbage-first heap   total 131072K, used 69385K [0x0000000080400000, 0x0000000100000000)
  region size 1024K, 51 young (52224K), 6 survivors (6144K)
 Metaspace       used 43861K, capacity 44290K, committed 44592K, reserved 1089536K
  class space    used 5251K, capacity 5430K, committed 5504K, reserved 1048576K
}
Event: 3.850 GC heap after
{Heap after GC invocations=7 (full 0):
 garbage-first heap   total 158720K, used 25446K [0x0000000080400000, 0x0000000100000000)
  region size 1024K, 6 young (6144K), 6 survivors (6144K)
 Metaspace       used 43861K, capacity 44290K, committed 44592K, reserved 1089536K
  class space    used 5251K, capacity 5430K, committed 5504K, reserved 1048576K
}

