# JRE version: OpenJDK Runtime Environment (11.0.11+9) (build 11.0.11+9-b60-7590822)
# Java VM: OpenJDK 64-Bit Server VM (11.0.11+9-b60-7590822, mixed mode, tiered, compressed oops, g1 gc, windows-amd64)
Heap:
 garbage-first heap   total 212992K, used 79839K [0x0000000080400000, 0x0000000100000000)
  region size 1024K, 27 young (27648K), 10 survivors (10240K)
 Metaspace       used 67602K, capacity 68495K, committed 68636K, reserved 1110016K
  class space    used 7657K, capacity 8021K, committed 8140K, reserved 1048576K
GC Heap History (20 events):
Event: 0.700 GC heap before
{Heap before GC invocations=0 (full 0):
 garbage-first heap   total 131072K, used 27648K [0x0000000080400000, 0x0000000100000000)
  region size 1024K, 24 young (24576K), 0 survivors (0K)
 Metaspace       used 12380K, capacity 12440K, committed 12544K, reserved 1060864K
  class space    used 1166K, capacity 1207K, committed 1280K, reserved 1048576K
}
Event: 0.704 GC heap after
{Heap after GC invocations=1 (full 0):
 garbage-first heap   total 131072K, used 5942K [0x0000000080400000, 0x0000000100000000)
  region size 1024K, 3 young (3072K), 3 survivors (3072K)
 Metaspace       used 12380K, capacity 12440K, committed 12544K, reserved 1060864K
  class space    used 1166K, capacity 1207K, committed 1280K, reserved 1048576K
}
Event: 1.462 GC heap before
{Heap before GC invocations=1 (full 0):
 garbage-first heap   total 131072K, used 41782K [0x0000000080400000, 0x0000000100000000)
  region size 1024K, 39 young (39936K), 3 survivors (3072K)
 Metaspace       used 20910K, capacity 21113K, committed 21296K, reserved 1069056K
  class space    used 2235K, capacity 2321K, committed 2432K, reserved 1048576K
}
Event: 1.478 GC heap after
{Heap after GC invocations=2 (full 0):
 garbage-first heap   total 131072K, used 9318K [0x0000000080400000, 0x0000000100000000)
  region size 1024K, 7 young (7168K), 7 survivors (7168K)
 Metaspace       used 20910K, capacity 21113K, committed 21296K, reserved 1069056K
  class space    used 2235K, capacity 2321K, committed 2432K, reserved 1048576K
}
Event: 2.566 GC heap before
{Heap before GC invocations=3 (full 0):
 garbage-first heap   total 131072K, used 63590K [0x0000000080400000, 0x0000000100000000)
  region size 1024K, 55 young (56320K), 7 survivors (7168K)
 Metaspace       used 31302K, capacity 31795K, committed 32048K, reserved 1077248K
  class space    used 3765K, capacity 3934K, committed 3968K, reserved 1048576K
}
Event: 2.590 GC heap after
{Heap after GC invocations=4 (full 0):
 garbage-first heap   total 131072K, used 21063K [0x0000000080400000, 0x0000000100000000)
  region size 1024K, 7 young (7168K), 7 survivors (7168K)
 Metaspace       used 31302K, capacity 31795K, committed 32048K, reserved 1077248K
  class space    used 3765K, capacity 3934K, committed 3968K, reserved 1048576K
}
Event: 2.964 GC heap before
{Heap before GC invocations=4 (full 0):
 garbage-first heap   total 131072K, used 36423K [0x0000000080400000, 0x0000000100000000)
  region size 1024K, 23 young (23552K), 7 survivors (7168K)
 Metaspace       used 35138K, capacity 35620K, committed 35888K, reserved 1081344K
  class space    used 4399K, capacity 4610K, committed 4736K, reserved 1048576K
}
Event: 2.979 GC heap after
{Heap after GC invocations=5 (full 0):
 garbage-first heap   total 131072K, used 23164K [0x0000000080400000, 0x0000000100000000)
  region size 1024K, 7 young (7168K), 7 survivors (7168K)
 Metaspace       used 35138K, capacity 35620K, committed 35888K, reserved 1081344K
  class space    used 4399K, capacity 4610K, committed 4736K, reserved 1048576K
}
Event: 3.793 GC heap before
{Heap before GC invocations=6 (full 0):
 garbage-first heap   total 131072K, used 69244K [0x0000000080400000, 0x0000000100000000)
  region size 1024K, 52 young (53248K), 7 survivors (7168K)
 Metaspace       used 43833K, capacity 44321K, committed 44592K, reserved 1089536K
  class space    used 5261K, capacity 5460K, committed 5504K, reserved 1048576K
}
Event: 3.809 GC heap after
{Heap after GC invocations=7 (full 0):
 garbage-first heap   total 159744K, used 25440K [0x0000000080400000, 0x0000000100000000)
  region size 1024K, 6 young (6144K), 6 survivors (6144K)
 Metaspace       used 43833K, capacity 44321K, committed 44592K, reserved 1089536K
  class space    used 5261K, capacity 5460K, committed 5504K, reserved 1048576K
}
Event: 5.089 GC heap before
{Heap before GC invocations=7 (full 0):
 garbage-first heap   total 159744K, used 93024K [0x0000000080400000, 0x0000000100000000)
  region size 1024K, 69 young (70656K), 6 survivors (6144K)
 Metaspace       used 50814K, capacity 51385K, committed 51504K, reserved 1095680K
  class space    used 5964K, capacity 6201K, committed 6272K, reserved 1048576K
}
Event: 5.112 GC heap after
{Heap after GC invocations=8 (full 0):
 garbage-first heap   total 159744K, used 35079K [0x0000000080400000, 0x0000000100000000)
  region size 1024K, 9 young (9216K), 9 survivors (9216K)
 Metaspace       used 50814K, capacity 51385K, committed 51504K, reserved 1095680K
  class space    used 5964K, capacity 6201K, committed 6272K, reserved 1048576K
}
Event: 6.539 GC heap before
{Heap before GC invocations=8 (full 0):
 garbage-first heap   total 159744K, used 99591K [0x0000000080400000, 0x0000000100000000)
  region size 1024K, 72 young (73728K), 9 survivors (9216K)
 Metaspace       used 54704K, capacity 55334K, committed 55600K, reserved 1097728K
  class space    used 6241K, capacity 6486K, committed 6528K, reserved 1048576K
}
Event: 6.580 GC heap after
{Heap after GC invocations=9 (full 0):
 garbage-first heap   total 159744K, used 46630K [0x0000000080400000, 0x0000000100000000)
  region size 1024K, 9 young (9216K), 9 survivors (9216K)
 Metaspace       used 54704K, capacity 55334K, committed 55600K, reserved 1097728K
  class space    used 6241K, capacity 6486K, committed 6528K, reserved 1048576K
}
Event: 7.583 GC heap before
{Heap before GC invocations=9 (full 0):
 garbage-first heap   total 159744K, used 106022K [0x0000000080400000, 0x0000000100000000)
  region size 1024K, 67 young (68608K), 9 survivors (9216K)
 Metaspace       used 59301K, capacity 60073K, committed 60240K, reserved 1101824K
  class space    used 6838K, capacity 7146K, committed 7168K, reserved 1048576K
}
Event: 7.618 GC heap after
{Heap after GC invocations=10 (full 0):
 garbage-first heap   total 159744K, used 53248K [0x0000000080400000, 0x0000000100000000)
  region size 1024K, 6 young (6144K), 6 survivors (6144K)
 Metaspace       used 59301K, capacity 60073K, committed 60240K, reserved 1101824K
  class space    used 6838K, capacity 7146K, committed 7168K, reserved 1048576K
}
Event: 7.683 GC heap before
{Heap before GC invocations=10 (full 0):
 garbage-first heap   total 159744K, used 53248K [0x0000000080400000, 0x0000000100000000)
  region size 1024K, 7 young (7168K), 6 survivors (6144K)
 Metaspace       used 59394K, capacity 60137K, committed 60240K, reserved 1101824K
  class space    used 6843K, capacity 7146K, committed 7168K, reserved 1048576K
}
Event: 7.701 GC heap after
{Heap after GC invocations=11 (full 0):
 garbage-first heap   total 212992K, used 54272K [0x0000000080400000, 0x0000000100000000)
  region size 1024K, 1 young (1024K), 1 survivors (1024K)
 Metaspace       used 59394K, capacity 60137K, committed 60240K, reserved 1101824K
  class space    used 6843K, capacity 7146K, committed 7168K, reserved 1048576K
}
Event: 10.070 GC heap before
{Heap before GC invocations=12 (full 0):
 garbage-first heap   total 212992K, used 130048K [0x0000000080400000, 0x0000000100000000)
  region size 1024K, 74 young (75776K), 1 survivors (1024K)
 Metaspace       used 66691K, capacity 67590K, committed 67740K, reserved 1110016K
  class space    used 7619K, capacity 7981K, committed 8012K, reserved 1048576K
}
Event: 10.086 GC heap after
{Heap after GC invocations=13 (full 0):
 garbage-first heap   total 212992K, used 63455K [0x0000000080400000, 0x0000000100000000)
  region size 1024K, 10 young (10240K), 10 survivors (10240K)
 Metaspace       used 66691K, capacity 67590K, committed 67740K, reserved 1110016K
  class space    used 7619K, capacity 7981K, committed 8012K, reserved 1048576K
}

