# JRE version: OpenJDK Runtime Environment (11.0.11+9) (build 11.0.11+9-b60-7590822)
# Java VM: OpenJDK 64-Bit Server VM (11.0.11+9-b60-7590822, mixed mode, tiered, compressed oops, g1 gc, windows-amd64)
Heap:
 garbage-first heap   total 812032K, used 286720K [0x0000000080000000, 0x0000000100000000)
  region size 1024K, 5 young (5120K), 5 survivors (5120K)
 Metaspace       used 99116K, capacity 101416K, committed 101724K, reserved 1136640K
  class space    used 12861K, capacity 13745K, committed 13824K, reserved 1048576K
GC Heap History (20 events):
Event: 23.961 GC heap after
{Heap after GC invocations=41 (full 0):
 garbage-first heap   total 198656K, used 173312K [0x0000000080000000, 0x0000000100000000)
  region size 1024K, 2 young (2048K), 2 survivors (2048K)
 Metaspace       used 96652K, capacity 98819K, committed 99036K, reserved 1134592K
  class space    used 12340K, capacity 13142K, committed 13184K, reserved 1048576K
}
Event: 24.019 GC heap before
{Heap before GC invocations=41 (full 0):
 garbage-first heap   total 198656K, used 180480K [0x0000000080000000, 0x0000000100000000)
  region size 1024K, 9 young (9216K), 2 survivors (2048K)
 Metaspace       used 96652K, capacity 98819K, committed 99036K, reserved 1134592K
  class space    used 12340K, capacity 13142K, committed 13184K, reserved 1048576K
}
Event: 24.032 GC heap after
{Heap after GC invocations=42 (full 0):
 garbage-first heap   total 198656K, used 176585K [0x0000000080000000, 0x0000000100000000)
  region size 1024K, 2 young (2048K), 2 survivors (2048K)
 Metaspace       used 96652K, capacity 98819K, committed 99036K, reserved 1134592K
  class space    used 12340K, capacity 13142K, committed 13184K, reserved 1048576K
}
Event: 24.547 GC heap before
{Heap before GC invocations=43 (full 0):
 garbage-first heap   total 198656K, used 182729K [0x0000000080000000, 0x0000000100000000)
  region size 1024K, 9 young (9216K), 2 survivors (2048K)
 Metaspace       used 96652K, capacity 98819K, committed 99036K, reserved 1134592K
  class space    used 12340K, capacity 13142K, committed 13184K, reserved 1048576K
}
Event: 24.561 GC heap after
{Heap after GC invocations=44 (full 0):
 garbage-first heap   total 238592K, used 179364K [0x0000000080000000, 0x0000000100000000)
  region size 1024K, 2 young (2048K), 2 survivors (2048K)
 Metaspace       used 96652K, capacity 98819K, committed 99036K, reserved 1134592K
  class space    used 12340K, capacity 13142K, committed 13184K, reserved 1048576K
}
Event: 24.625 GC heap before
{Heap before GC invocations=44 (full 0):
 garbage-first heap   total 238592K, used 189604K [0x0000000080000000, 0x0000000100000000)
  region size 1024K, 11 young (11264K), 2 survivors (2048K)
 Metaspace       used 96653K, capacity 98819K, committed 99036K, reserved 1134592K
  class space    used 12340K, capacity 13142K, committed 13184K, reserved 1048576K
}
Event: 24.637 GC heap after
{Heap after GC invocations=45 (full 0):
 garbage-first heap   total 238592K, used 183941K [0x0000000080000000, 0x0000000100000000)
  region size 1024K, 2 young (2048K), 2 survivors (2048K)
 Metaspace       used 96653K, capacity 98819K, committed 99036K, reserved 1134592K
  class space    used 12340K, capacity 13142K, committed 13184K, reserved 1048576K
}
Event: 24.658 GC heap before
{Heap before GC invocations=45 (full 0):
 garbage-first heap   total 238592K, used 187013K [0x0000000080000000, 0x0000000100000000)
  region size 1024K, 7 young (7168K), 2 survivors (2048K)
 Metaspace       used 96653K, capacity 98819K, committed 99036K, reserved 1134592K
  class space    used 12340K, capacity 13142K, committed 13184K, reserved 1048576K
}
Event: 24.671 GC heap after
{Heap after GC invocations=46 (full 0):
 garbage-first heap   total 238592K, used 185999K [0x0000000080000000, 0x0000000100000000)
  region size 1024K, 2 young (2048K), 2 survivors (2048K)
 Metaspace       used 96653K, capacity 98819K, committed 99036K, reserved 1134592K
  class space    used 12340K, capacity 13142K, committed 13184K, reserved 1048576K
}
Event: 24.744 GC heap before
{Heap before GC invocations=46 (full 0):
 garbage-first heap   total 238592K, used 198287K [0x0000000080000000, 0x0000000100000000)
  region size 1024K, 14 young (14336K), 2 survivors (2048K)
 Metaspace       used 96653K, capacity 98819K, committed 99036K, reserved 1134592K
  class space    used 12340K, capacity 13142K, committed 13184K, reserved 1048576K
}
Event: 24.765 GC heap after
{Heap after GC invocations=47 (full 0):
 garbage-first heap   total 238592K, used 192323K [0x0000000080000000, 0x0000000100000000)
  region size 1024K, 2 young (2048K), 2 survivors (2048K)
 Metaspace       used 96653K, capacity 98819K, committed 99036K, reserved 1134592K
  class space    used 12340K, capacity 13142K, committed 13184K, reserved 1048576K
}
Event: 24.813 GC heap before
{Heap before GC invocations=47 (full 0):
 garbage-first heap   total 238592K, used 201539K [0x0000000080000000, 0x0000000100000000)
  region size 1024K, 11 young (11264K), 2 survivors (2048K)
 Metaspace       used 96653K, capacity 98819K, committed 99036K, reserved 1134592K
  class space    used 12340K, capacity 13142K, committed 13184K, reserved 1048576K
}
Event: 24.829 GC heap after
{Heap after GC invocations=48 (full 0):
 garbage-first heap   total 371712K, used 195918K [0x0000000080000000, 0x0000000100000000)
  region size 1024K, 2 young (2048K), 2 survivors (2048K)
 Metaspace       used 96653K, capacity 98819K, committed 99036K, reserved 1134592K
  class space    used 12340K, capacity 13142K, committed 13184K, reserved 1048576K
}
Event: 25.404 GC heap before
{Heap before GC invocations=49 (full 0):
 garbage-first heap   total 371712K, used 259406K [0x0000000080000000, 0x0000000100000000)
  region size 1024K, 61 young (62464K), 2 survivors (2048K)
 Metaspace       used 99031K, capacity 101349K, committed 101468K, reserved 1136640K
  class space    used 12860K, capacity 13745K, committed 13824K, reserved 1048576K
}
Event: 25.450 GC heap after
{Heap after GC invocations=50 (full 0):
 garbage-first heap   total 371712K, used 224774K [0x0000000080000000, 0x0000000100000000)
  region size 1024K, 8 young (8192K), 8 survivors (8192K)
 Metaspace       used 99031K, capacity 101349K, committed 101468K, reserved 1136640K
  class space    used 12860K, capacity 13745K, committed 13824K, reserved 1048576K
}
Event: 25.707 GC heap before
{Heap before GC invocations=50 (full 0):
 garbage-first heap   total 371712K, used 273926K [0x0000000080000000, 0x0000000100000000)
  region size 1024K, 56 young (57344K), 8 survivors (8192K)
 Metaspace       used 99109K, capacity 101416K, committed 101724K, reserved 1136640K
  class space    used 12861K, capacity 13745K, committed 13824K, reserved 1048576K
}
Event: 25.754 GC heap after
{Heap after GC invocations=51 (full 0):
 garbage-first heap   total 371712K, used 250560K [0x0000000080000000, 0x0000000100000000)
  region size 1024K, 7 young (7168K), 7 survivors (7168K)
 Metaspace       used 99109K, capacity 101416K, committed 101724K, reserved 1136640K
  class space    used 12861K, capacity 13745K, committed 13824K, reserved 1048576K
}
Event: 25.999 GC heap before
{Heap before GC invocations=51 (full 0):
 garbage-first heap   total 371712K, used 287424K [0x0000000080000000, 0x0000000100000000)
  region size 1024K, 43 young (44032K), 7 survivors (7168K)
 Metaspace       used 99115K, capacity 101416K, committed 101724K, reserved 1136640K
  class space    used 12861K, capacity 13745K, committed 13824K, reserved 1048576K
}
Event: 26.039 GC heap after
{Heap after GC invocations=52 (full 0):
 garbage-first heap   total 371712K, used 271360K [0x0000000080000000, 0x0000000100000000)
  region size 1024K, 6 young (6144K), 6 survivors (6144K)
 Metaspace       used 99115K, capacity 101416K, committed 101724K, reserved 1136640K
  class space    used 12861K, capacity 13745K, committed 13824K, reserved 1048576K
}
Event: 26.217 GC heap before
{Heap before GC invocations=52 (full 0):
 garbage-first heap   total 371712K, used 296960K [0x0000000080000000, 0x0000000100000000)
  region size 1024K, 33 young (33792K), 6 survivors (6144K)
 Metaspace       used 99116K, capacity 101416K, committed 101724K, reserved 1136640K
  class space    used 12861K, capacity 13745K, committed 13824K, reserved 1048576K
}

