# JRE version: OpenJDK Runtime Environment (11.0.11+9) (build 11.0.11+9-b60-7590822)
# Java VM: OpenJDK 64-Bit Server VM (11.0.11+9-b60-7590822, mixed mode, tiered, compressed oops, g1 gc, windows-amd64)
Heap:
 garbage-first heap   total 189440K, used 127253K [0x0000000080000000, 0x0000000100000000)
  region size 1024K, 15 young (15360K), 1 survivors (1024K)
 Metaspace       used 117200K, capacity 120360K, committed 120660K, reserved 1153024K
  class space    used 15042K, capacity 16247K, committed 16384K, reserved 1048576K
GC Heap History (20 events):
Event: 274.224 GC heap before
{Heap before GC invocations=30 (full 0):
 garbage-first heap   total 189440K, used 116344K [0x0000000080000000, 0x0000000100000000)
  region size 1024K, 9 young (9216K), 7 survivors (7168K)
 Metaspace       used 103673K, capacity 106222K, committed 106324K, reserved 1142784K
  class space    used 13083K, capacity 14031K, committed 14080K, reserved 1048576K
}
Event: 274.238 GC heap after
{Heap after GC invocations=31 (full 0):
 garbage-first heap   total 189440K, used 108450K [0x0000000080000000, 0x0000000100000000)
  region size 1024K, 2 young (2048K), 2 survivors (2048K)
 Metaspace       used 103673K, capacity 106222K, committed 106324K, reserved 1142784K
  class space    used 13083K, capacity 14031K, committed 14080K, reserved 1048576K
}
Event: 274.846 GC heap before
{Heap before GC invocations=31 (full 0):
 garbage-first heap   total 189440K, used 154530K [0x0000000080000000, 0x0000000100000000)
  region size 1024K, 48 young (49152K), 2 survivors (2048K)
 Metaspace       used 109084K, capacity 111967K, committed 112212K, reserved 1146880K
  class space    used 13911K, capacity 15038K, committed 15104K, reserved 1048576K
}
Event: 274.868 GC heap after
{Heap after GC invocations=32 (full 0):
 garbage-first heap   total 189440K, used 117654K [0x0000000080000000, 0x0000000100000000)
  region size 1024K, 6 young (6144K), 6 survivors (6144K)
 Metaspace       used 109084K, capacity 111967K, committed 112212K, reserved 1146880K
  class space    used 13911K, capacity 15038K, committed 15104K, reserved 1048576K
}
Event: 275.397 GC heap before
{Heap before GC invocations=33 (full 0):
 garbage-first heap   total 189440K, used 153494K [0x0000000080000000, 0x0000000100000000)
  region size 1024K, 42 young (43008K), 6 survivors (6144K)
 Metaspace       used 113119K, capacity 116275K, committed 116564K, reserved 1150976K
  class space    used 14537K, capacity 15821K, committed 15872K, reserved 1048576K
}
Event: 275.408 GC heap after
{Heap after GC invocations=34 (full 0):
 garbage-first heap   total 189440K, used 120120K [0x0000000080000000, 0x0000000100000000)
  region size 1024K, 3 young (3072K), 3 survivors (3072K)
 Metaspace       used 113119K, capacity 116275K, committed 116564K, reserved 1150976K
  class space    used 14537K, capacity 15821K, committed 15872K, reserved 1048576K
}
Event: 275.494 GC heap before
{Heap before GC invocations=34 (full 0):
 garbage-first heap   total 189440K, used 125240K [0x0000000080000000, 0x0000000100000000)
  region size 1024K, 9 young (9216K), 3 survivors (3072K)
 Metaspace       used 113263K, capacity 116497K, committed 116564K, reserved 1150976K
  class space    used 14544K, capacity 15827K, committed 15872K, reserved 1048576K
}
Event: 275.500 GC heap after
{Heap after GC invocations=35 (full 0):
 garbage-first heap   total 189440K, used 119450K [0x0000000080000000, 0x0000000100000000)
  region size 1024K, 2 young (2048K), 2 survivors (2048K)
 Metaspace       used 113263K, capacity 116497K, committed 116564K, reserved 1150976K
  class space    used 14544K, capacity 15827K, committed 15872K, reserved 1048576K
}
Event: 275.654 GC heap before
{Heap before GC invocations=35 (full 0):
 garbage-first heap   total 189440K, used 128666K [0x0000000080000000, 0x0000000100000000)
  region size 1024K, 13 young (13312K), 2 survivors (2048K)
 Metaspace       used 113491K, capacity 116731K, committed 116820K, reserved 1150976K
  class space    used 14550K, capacity 15835K, committed 15872K, reserved 1048576K
}
Event: 275.659 GC heap after
{Heap after GC invocations=36 (full 0):
 garbage-first heap   total 189440K, used 119735K [0x0000000080000000, 0x0000000100000000)
  region size 1024K, 2 young (2048K), 2 survivors (2048K)
 Metaspace       used 113491K, capacity 116731K, committed 116820K, reserved 1150976K
  class space    used 14550K, capacity 15835K, committed 15872K, reserved 1048576K
}
Event: 276.567 GC heap before
{Heap before GC invocations=37 (full 0):
 garbage-first heap   total 189440K, used 156599K [0x0000000080000000, 0x0000000100000000)
  region size 1024K, 38 young (38912K), 2 survivors (2048K)
 Metaspace       used 115780K, capacity 118861K, committed 119508K, reserved 1153024K
  class space    used 14875K, capacity 16021K, committed 16256K, reserved 1048576K
}
Event: 276.574 GC heap after
{Heap after GC invocations=38 (full 0):
 garbage-first heap   total 189440K, used 120965K [0x0000000080000000, 0x0000000100000000)
  region size 1024K, 3 young (3072K), 3 survivors (3072K)
 Metaspace       used 115780K, capacity 118861K, committed 119508K, reserved 1153024K
  class space    used 14875K, capacity 16021K, committed 16256K, reserved 1048576K
}
Event: 276.714 GC heap before
{Heap before GC invocations=38 (full 0):
 garbage-first heap   total 189440K, used 127109K [0x0000000080000000, 0x0000000100000000)
  region size 1024K, 9 young (9216K), 3 survivors (3072K)
 Metaspace       used 116463K, capacity 119643K, committed 120148K, reserved 1153024K
  class space    used 14976K, capacity 16178K, committed 16384K, reserved 1048576K
}
Event: 276.725 GC heap after
{Heap after GC invocations=39 (full 0):
 garbage-first heap   total 189440K, used 116982K [0x0000000080000000, 0x0000000100000000)
  region size 1024K, 1 young (1024K), 1 survivors (1024K)
 Metaspace       used 116463K, capacity 119643K, committed 120148K, reserved 1153024K
  class space    used 14976K, capacity 16178K, committed 16384K, reserved 1048576K
}
Event: 276.739 GC heap before
{Heap before GC invocations=39 (full 0):
 garbage-first heap   total 189440K, used 116982K [0x0000000080000000, 0x0000000100000000)
  region size 1024K, 2 young (2048K), 1 survivors (1024K)
 Metaspace       used 116552K, capacity 119711K, committed 120148K, reserved 1153024K
  class space    used 14990K, capacity 16179K, committed 16384K, reserved 1048576K
}
Event: 276.743 GC heap after
{Heap after GC invocations=40 (full 0):
 garbage-first heap   total 189440K, used 116788K [0x0000000080000000, 0x0000000100000000)
  region size 1024K, 1 young (1024K), 1 survivors (1024K)
 Metaspace       used 116552K, capacity 119711K, committed 120148K, reserved 1153024K
  class space    used 14990K, capacity 16179K, committed 16384K, reserved 1048576K
}
Event: 415.782 GC heap before
{Heap before GC invocations=41 (full 0):
 garbage-first heap   total 189440K, used 158772K [0x0000000080000000, 0x0000000100000000)
  region size 1024K, 32 young (32768K), 1 survivors (1024K)
 Metaspace       used 116992K, capacity 120119K, committed 120404K, reserved 1153024K
  class space    used 15038K, capacity 16242K, committed 16384K, reserved 1048576K
}
Event: 415.788 GC heap after
{Heap after GC invocations=42 (full 0):
 garbage-first heap   total 189440K, used 116502K [0x0000000080000000, 0x0000000100000000)
  region size 1024K, 3 young (3072K), 3 survivors (3072K)
 Metaspace       used 116992K, capacity 120119K, committed 120404K, reserved 1153024K
  class space    used 15038K, capacity 16242K, committed 16384K, reserved 1048576K
}
Event: 415.909 GC heap before
{Heap before GC invocations=42 (full 0):
 garbage-first heap   total 189440K, used 122646K [0x0000000080000000, 0x0000000100000000)
  region size 1024K, 9 young (9216K), 3 survivors (3072K)
 Metaspace       used 117037K, capacity 120200K, committed 120404K, reserved 1153024K
  class space    used 15039K, capacity 16244K, committed 16384K, reserved 1048576K
}
Event: 415.917 GC heap after
{Heap after GC invocations=43 (full 0):
 garbage-first heap   total 189440K, used 113941K [0x0000000080000000, 0x0000000100000000)
  region size 1024K, 1 young (1024K), 1 survivors (1024K)
 Metaspace       used 117037K, capacity 120200K, committed 120404K, reserved 1153024K
  class space    used 15039K, capacity 16244K, committed 16384K, reserved 1048576K
}

