# JRE version: OpenJDK Runtime Environment (11.0.11+9) (build 11.0.11+9-b60-7590822)
# Java VM: OpenJDK 64-Bit Server VM (11.0.11+9-b60-7590822, mixed mode, tiered, compressed oops, g1 gc, windows-amd64)
Heap:
 garbage-first heap   total 158720K, used 19946K [0x0000000080400000, 0x0000000100000000)
  region size 1024K, 2 young (2048K), 2 survivors (2048K)
 Metaspace       used 35390K, capacity 35775K, committed 35920K, reserved 1081344K
  class space    used 4379K, capacity 4538K, committed 4608K, reserved 1048576K
GC Heap History (9 events):
Event: 0.740 GC heap before
{Heap before GC invocations=0 (full 0):
 garbage-first heap   total 131072K, used 27648K [0x0000000080400000, 0x0000000100000000)
  region size 1024K, 24 young (24576K), 0 survivors (0K)
 Metaspace       used 12354K, capacity 12504K, committed 12800K, reserved 1060864K
  class space    used 1164K, capacity 1207K, committed 1280K, reserved 1048576K
}
Event: 0.745 GC heap after
{Heap after GC invocations=1 (full 0):
 garbage-first heap   total 131072K, used 5929K [0x0000000080400000, 0x0000000100000000)
  region size 1024K, 3 young (3072K), 3 survivors (3072K)
 Metaspace       used 12354K, capacity 12504K, committed 12800K, reserved 1060864K
  class space    used 1164K, capacity 1207K, committed 1280K, reserved 1048576K
}
Event: 1.510 GC heap before
{Heap before GC invocations=1 (full 0):
 garbage-first heap   total 131072K, used 41769K [0x0000000080400000, 0x0000000100000000)
  region size 1024K, 39 young (39936K), 3 survivors (3072K)
 Metaspace       used 20858K, capacity 21087K, committed 21296K, reserved 1069056K
  class space    used 2218K, capacity 2312K, committed 2432K, reserved 1048576K
}
Event: 1.525 GC heap after
{Heap after GC invocations=2 (full 0):
 garbage-first heap   total 131072K, used 9315K [0x0000000080400000, 0x0000000100000000)
  region size 1024K, 7 young (7168K), 7 survivors (7168K)
 Metaspace       used 20858K, capacity 21087K, committed 21296K, reserved 1069056K
  class space    used 2218K, capacity 2312K, committed 2432K, reserved 1048576K
}
Event: 2.586 GC heap before
{Heap before GC invocations=3 (full 0):
 garbage-first heap   total 131072K, used 63587K [0x0000000080400000, 0x0000000100000000)
  region size 1024K, 55 young (56320K), 7 survivors (7168K)
 Metaspace       used 32381K, capacity 32820K, committed 33072K, reserved 1079296K
  class space    used 4053K, capacity 4214K, committed 4224K, reserved 1048576K
}
Event: 2.610 GC heap after
{Heap after GC invocations=4 (full 0):
 garbage-first heap   total 131072K, used 20486K [0x0000000080400000, 0x0000000100000000)
  region size 1024K, 7 young (7168K), 7 survivors (7168K)
 Metaspace       used 32381K, capacity 32820K, committed 33072K, reserved 1079296K
  class space    used 4053K, capacity 4214K, committed 4224K, reserved 1048576K
}
Event: 2.832 GC heap before
{Heap before GC invocations=4 (full 0):
 garbage-first heap   total 131072K, used 31750K [0x0000000080400000, 0x0000000100000000)
  region size 1024K, 18 young (18432K), 7 survivors (7168K)
 Metaspace       used 34532K, capacity 34975K, committed 35120K, reserved 1079296K
  class space    used 4281K, capacity 4442K, committed 4480K, reserved 1048576K
}
Event: 2.848 GC heap after
{Heap after GC invocations=5 (full 0):
 garbage-first heap   total 131072K, used 20398K [0x0000000080400000, 0x0000000100000000)
  region size 1024K, 2 young (2048K), 2 survivors (2048K)
 Metaspace       used 34532K, capacity 34975K, committed 35120K, reserved 1079296K
  class space    used 4281K, capacity 4442K, committed 4480K, reserved 1048576K
}
Event: 2.912 GC heap before
{Heap before GC invocations=5 (full 0):
 garbage-first heap   total 131072K, used 23470K [0x0000000080400000, 0x0000000100000000)
  region size 1024K, 6 young (6144K), 2 survivors (2048K)
 Metaspace       used 35390K, capacity 35775K, committed 35920K, reserved 1081344K
  class space    used 4379K, capacity 4538K, committed 4608K, reserved 1048576K
}

