# JRE version: OpenJDK Runtime Environment (11.0.11+9) (build 11.0.11+9-b60-7590822)
# Java VM: OpenJDK 64-Bit Server VM (11.0.11+9-b60-7590822, mixed mode, tiered, compressed oops, g1 gc, windows-amd64)
Heap:
 garbage-first heap   total 731136K, used 230208K [0x0000000080000000, 0x0000000100000000)
  region size 1024K, 6 young (6144K), 6 survivors (6144K)
 Metaspace       used 102399K, capacity 104886K, committed 105172K, reserved 1140736K
  class space    used 13346K, capacity 14317K, committed 14412K, reserved 1048576K
GC Heap History (20 events):
Event: 17.739 GC heap after
{Heap after GC invocations=32 (full 0):
 garbage-first heap   total 189440K, used 121617K [0x0000000080000000, 0x0000000100000000)
  region size 1024K, 4 young (4096K), 4 survivors (4096K)
 Metaspace       used 96260K, capacity 98448K, committed 98644K, reserved 1134592K
  class space    used 12339K, capacity 13171K, committed 13260K, reserved 1048576K
}
Event: 18.056 GC heap before
{Heap before GC invocations=33 (full 0):
 garbage-first heap   total 189440K, used 177937K [0x0000000080000000, 0x0000000100000000)
  region size 1024K, 32 young (32768K), 4 survivors (4096K)
 Metaspace       used 96996K, capacity 99245K, committed 99540K, reserved 1136640K
  class space    used 12421K, capacity 13258K, committed 13388K, reserved 1048576K
}
Event: 18.071 GC heap after
{Heap after GC invocations=34 (full 0):
 garbage-first heap   total 194560K, used 147135K [0x0000000080000000, 0x0000000100000000)
  region size 1024K, 4 young (4096K), 4 survivors (4096K)
 Metaspace       used 96996K, capacity 99245K, committed 99540K, reserved 1136640K
  class space    used 12421K, capacity 13258K, committed 13388K, reserved 1048576K
}
Event: 18.105 GC heap before
{Heap before GC invocations=34 (full 0):
 garbage-first heap   total 194560K, used 151231K [0x0000000080000000, 0x0000000100000000)
  region size 1024K, 9 young (9216K), 4 survivors (4096K)
 Metaspace       used 97042K, capacity 99245K, committed 99540K, reserved 1136640K
  class space    used 12426K, capacity 13258K, committed 13388K, reserved 1048576K
}
Event: 18.122 GC heap after
{Heap after GC invocations=35 (full 0):
 garbage-first heap   total 233472K, used 147444K [0x0000000080000000, 0x0000000100000000)
  region size 1024K, 2 young (2048K), 2 survivors (2048K)
 Metaspace       used 97042K, capacity 99245K, committed 99540K, reserved 1136640K
  class space    used 12426K, capacity 13258K, committed 13388K, reserved 1048576K
}
Event: 18.226 GC heap before
{Heap before GC invocations=35 (full 0):
 garbage-first heap   total 233472K, used 159732K [0x0000000080000000, 0x0000000100000000)
  region size 1024K, 15 young (15360K), 2 survivors (2048K)
 Metaspace       used 97045K, capacity 99245K, committed 99540K, reserved 1136640K
  class space    used 12426K, capacity 13258K, committed 13388K, reserved 1048576K
}
Event: 18.239 GC heap after
{Heap after GC invocations=36 (full 0):
 garbage-first heap   total 233472K, used 152776K [0x0000000080000000, 0x0000000100000000)
  region size 1024K, 5 young (5120K), 5 survivors (5120K)
 Metaspace       used 97045K, capacity 99245K, committed 99540K, reserved 1136640K
  class space    used 12426K, capacity 13258K, committed 13388K, reserved 1048576K
}
Event: 18.477 GC heap before
{Heap before GC invocations=36 (full 0):
 garbage-first heap   total 233472K, used 180424K [0x0000000080000000, 0x0000000100000000)
  region size 1024K, 30 young (30720K), 5 survivors (5120K)
 Metaspace       used 97102K, capacity 99259K, committed 99540K, reserved 1136640K
  class space    used 12434K, capacity 13263K, committed 13388K, reserved 1048576K
}
Event: 18.500 GC heap after
{Heap after GC invocations=37 (full 0):
 garbage-first heap   total 233472K, used 164287K [0x0000000080000000, 0x0000000100000000)
  region size 1024K, 4 young (4096K), 4 survivors (4096K)
 Metaspace       used 97102K, capacity 99259K, committed 99540K, reserved 1136640K
  class space    used 12434K, capacity 13263K, committed 13388K, reserved 1048576K
}
Event: 18.795 GC heap before
{Heap before GC invocations=38 (full 0):
 garbage-first heap   total 233472K, used 184767K [0x0000000080000000, 0x0000000100000000)
  region size 1024K, 25 young (25600K), 4 survivors (4096K)
 Metaspace       used 99398K, capacity 101634K, committed 101844K, reserved 1136640K
  class space    used 12924K, capacity 13783K, committed 13900K, reserved 1048576K
}
Event: 18.814 GC heap after
{Heap after GC invocations=39 (full 0):
 garbage-first heap   total 233472K, used 172999K [0x0000000080000000, 0x0000000100000000)
  region size 1024K, 4 young (4096K), 4 survivors (4096K)
 Metaspace       used 99398K, capacity 101634K, committed 101844K, reserved 1136640K
  class space    used 12924K, capacity 13783K, committed 13900K, reserved 1048576K
}
Event: 18.913 GC heap before
{Heap before GC invocations=39 (full 0):
 garbage-first heap   total 233472K, used 191431K [0x0000000080000000, 0x0000000100000000)
  region size 1024K, 22 young (22528K), 4 survivors (4096K)
 Metaspace       used 99440K, capacity 101702K, committed 101844K, reserved 1136640K
  class space    used 12924K, capacity 13783K, committed 13900K, reserved 1048576K
}
Event: 18.938 GC heap after
{Heap after GC invocations=40 (full 0):
 garbage-first heap   total 389120K, used 182666K [0x0000000080000000, 0x0000000100000000)
  region size 1024K, 3 young (3072K), 3 survivors (3072K)
 Metaspace       used 99440K, capacity 101702K, committed 101844K, reserved 1136640K
  class space    used 12924K, capacity 13783K, committed 13900K, reserved 1048576K
}
Event: 19.226 GC heap before
{Heap before GC invocations=40 (full 0):
 garbage-first heap   total 389120K, used 219530K [0x0000000080000000, 0x0000000100000000)
  region size 1024K, 39 young (39936K), 3 survivors (3072K)
 Metaspace       used 99483K, capacity 101766K, committed 102100K, reserved 1138688K
  class space    used 12925K, capacity 13783K, committed 13900K, reserved 1048576K
}
Event: 19.249 GC heap after
{Heap after GC invocations=41 (full 0):
 garbage-first heap   total 389120K, used 201958K [0x0000000080000000, 0x0000000100000000)
  region size 1024K, 5 young (5120K), 5 survivors (5120K)
 Metaspace       used 99483K, capacity 101766K, committed 102100K, reserved 1138688K
  class space    used 12925K, capacity 13783K, committed 13900K, reserved 1048576K
}
Event: 19.471 GC heap before
{Heap before GC invocations=42 (full 0):
 garbage-first heap   total 389120K, used 238822K [0x0000000080000000, 0x0000000100000000)
  region size 1024K, 41 young (41984K), 5 survivors (5120K)
 Metaspace       used 99490K, capacity 101769K, committed 102100K, reserved 1138688K
  class space    used 12925K, capacity 13783K, committed 13900K, reserved 1048576K
}
Event: 19.503 GC heap after
{Heap after GC invocations=43 (full 0):
 garbage-first heap   total 389120K, used 222566K [0x0000000080000000, 0x0000000100000000)
  region size 1024K, 6 young (6144K), 6 survivors (6144K)
 Metaspace       used 99490K, capacity 101769K, committed 102100K, reserved 1138688K
  class space    used 12925K, capacity 13783K, committed 13900K, reserved 1048576K
}
Event: 20.006 GC heap before
{Heap before GC invocations=43 (full 0):
 garbage-first heap   total 389120K, used 268646K [0x0000000080000000, 0x0000000100000000)
  region size 1024K, 51 young (52224K), 6 survivors (6144K)
 Metaspace       used 101595K, capacity 103980K, committed 104148K, reserved 1138688K
  class space    used 13232K, capacity 14130K, committed 14156K, reserved 1048576K
}
Event: 20.032 GC heap after
{Heap after GC invocations=44 (full 0):
 garbage-first heap   total 389120K, used 237568K [0x0000000080000000, 0x0000000100000000)
  region size 1024K, 7 young (7168K), 7 survivors (7168K)
 Metaspace       used 101595K, capacity 103980K, committed 104148K, reserved 1138688K
  class space    used 13232K, capacity 14130K, committed 14156K, reserved 1048576K
}
Event: 20.828 GC heap before
{Heap before GC invocations=45 (full 0):
 garbage-first heap   total 389120K, used 270336K [0x0000000080000000, 0x0000000100000000)
  region size 1024K, 54 young (55296K), 7 survivors (7168K)
 Metaspace       used 102399K, capacity 104886K, committed 105172K, reserved 1140736K
  class space    used 13346K, capacity 14317K, committed 14412K, reserved 1048576K
}

