# JRE version: OpenJDK Runtime Environment (11.0.11+9) (build 11.0.11+9-b60-7590822)
# Java VM: OpenJDK 64-Bit Server VM (11.0.11+9-b60-7590822, mixed mode, tiered, compressed oops, g1 gc, windows-amd64)
Heap:
 garbage-first heap   total 517120K, used 384483K [0x0000000080000000, 0x0000000100000000)
  region size 1024K, 86 young (88064K), 5 survivors (5120K)
 Metaspace       used 134306K, capacity 137973K, committed 138056K, reserved 1169408K
  class space    used 16694K, capacity 18117K, committed 18124K, reserved 1048576K
GC Heap History (20 events):
Event: 40.057 GC heap before
{Heap before GC invocations=68 (full 0):
 garbage-first heap   total 517120K, used 424874K [0x0000000080000000, 0x0000000100000000)
  region size 1024K, 138 young (141312K), 9 survivors (9216K)
 Metaspace       used 114442K, capacity 117306K, committed 117448K, reserved 1150976K
  class space    used 14447K, capacity 15582K, committed 15692K, reserved 1048576K
}
Event: 40.074 GC heap after
{Heap after GC invocations=69 (full 0):
 garbage-first heap   total 517120K, used 293980K [0x0000000080000000, 0x0000000100000000)
  region size 1024K, 10 young (10240K), 10 survivors (10240K)
 Metaspace       used 114442K, capacity 117306K, committed 117448K, reserved 1150976K
  class space    used 14447K, capacity 15582K, committed 15692K, reserved 1048576K
}
Event: 40.928 GC heap before
{Heap before GC invocations=69 (full 0):
 garbage-first heap   total 517120K, used 435292K [0x0000000080000000, 0x0000000100000000)
  region size 1024K, 148 young (151552K), 10 survivors (10240K)
 Metaspace       used 114442K, capacity 117306K, committed 117448K, reserved 1150976K
  class space    used 14447K, capacity 15582K, committed 15692K, reserved 1048576K
}
Event: 40.941 GC heap after
{Heap after GC invocations=70 (full 0):
 garbage-first heap   total 517120K, used 295877K [0x0000000080000000, 0x0000000100000000)
  region size 1024K, 12 young (12288K), 12 survivors (12288K)
 Metaspace       used 114442K, capacity 117306K, committed 117448K, reserved 1150976K
  class space    used 14447K, capacity 15582K, committed 15692K, reserved 1048576K
}
Event: 52.331 GC heap before
{Heap before GC invocations=70 (full 0):
 garbage-first heap   total 517120K, used 439237K [0x0000000080000000, 0x0000000100000000)
  region size 1024K, 152 young (155648K), 12 survivors (12288K)
 Metaspace       used 117060K, capacity 120146K, committed 120392K, reserved 1153024K
  class space    used 14840K, capacity 16052K, committed 16076K, reserved 1048576K
}
Event: 52.340 GC heap after
{Heap after GC invocations=71 (full 0):
 garbage-first heap   total 517120K, used 290720K [0x0000000080000000, 0x0000000100000000)
  region size 1024K, 3 young (3072K), 3 survivors (3072K)
 Metaspace       used 117060K, capacity 120146K, committed 120392K, reserved 1153024K
  class space    used 14840K, capacity 16052K, committed 16076K, reserved 1048576K
}
Event: 53.181 GC heap before
{Heap before GC invocations=71 (full 0):
 garbage-first heap   total 517120K, used 445344K [0x0000000080000000, 0x0000000100000000)
  region size 1024K, 153 young (156672K), 3 survivors (3072K)
 Metaspace       used 117224K, capacity 120276K, committed 120392K, reserved 1153024K
  class space    used 14846K, capacity 16053K, committed 16076K, reserved 1048576K
}
Event: 53.184 GC heap after
{Heap after GC invocations=72 (full 0):
 garbage-first heap   total 517120K, used 289532K [0x0000000080000000, 0x0000000100000000)
  region size 1024K, 2 young (2048K), 2 survivors (2048K)
 Metaspace       used 117224K, capacity 120276K, committed 120392K, reserved 1153024K
  class space    used 14846K, capacity 16053K, committed 16076K, reserved 1048576K
}
Event: 53.815 GC heap before
{Heap before GC invocations=72 (full 0):
 garbage-first heap   total 517120K, used 449276K [0x0000000080000000, 0x0000000100000000)
  region size 1024K, 156 young (159744K), 2 survivors (2048K)
 Metaspace       used 117233K, capacity 120276K, committed 120392K, reserved 1153024K
  class space    used 14846K, capacity 16053K, committed 16076K, reserved 1048576K
}
Event: 53.819 GC heap after
{Heap after GC invocations=73 (full 0):
 garbage-first heap   total 517120K, used 292202K [0x0000000080000000, 0x0000000100000000)
  region size 1024K, 2 young (2048K), 2 survivors (2048K)
 Metaspace       used 117233K, capacity 120276K, committed 120392K, reserved 1153024K
  class space    used 14846K, capacity 16053K, committed 16076K, reserved 1048576K
}
Event: 58.045 GC heap before
{Heap before GC invocations=73 (full 0):
 garbage-first heap   total 517120K, used 452970K [0x0000000080000000, 0x0000000100000000)
  region size 1024K, 157 young (160768K), 2 survivors (2048K)
 Metaspace       used 125131K, capacity 128430K, committed 128712K, reserved 1161216K
  class space    used 15836K, capacity 17131K, committed 17228K, reserved 1048576K
}
Event: 58.059 GC heap after
{Heap after GC invocations=74 (full 0):
 garbage-first heap   total 517120K, used 300888K [0x0000000080000000, 0x0000000100000000)
  region size 1024K, 11 young (11264K), 11 survivors (11264K)
 Metaspace       used 125131K, capacity 128430K, committed 128712K, reserved 1161216K
  class space    used 15836K, capacity 17131K, committed 17228K, reserved 1048576K
}
Event: 58.990 GC heap before
{Heap before GC invocations=74 (full 0):
 garbage-first heap   total 517120K, used 447320K [0x0000000080000000, 0x0000000100000000)
  region size 1024K, 153 young (156672K), 11 survivors (11264K)
 Metaspace       used 125135K, capacity 128430K, committed 128712K, reserved 1161216K
  class space    used 15836K, capacity 17131K, committed 17228K, reserved 1048576K
}
Event: 59.002 GC heap after
{Heap after GC invocations=75 (full 0):
 garbage-first heap   total 517120K, used 301209K [0x0000000080000000, 0x0000000100000000)
  region size 1024K, 12 young (12288K), 12 survivors (12288K)
 Metaspace       used 125135K, capacity 128430K, committed 128712K, reserved 1161216K
  class space    used 15836K, capacity 17131K, committed 17228K, reserved 1048576K
}
Event: 59.960 GC heap before
{Heap before GC invocations=75 (full 0):
 garbage-first heap   total 517120K, used 447641K [0x0000000080000000, 0x0000000100000000)
  region size 1024K, 154 young (157696K), 12 survivors (12288K)
 Metaspace       used 126642K, capacity 130045K, committed 130120K, reserved 1163264K
  class space    used 16032K, capacity 17334K, committed 17356K, reserved 1048576K
}
Event: 59.981 GC heap after
{Heap after GC invocations=76 (full 0):
 garbage-first heap   total 517120K, used 308809K [0x0000000080000000, 0x0000000100000000)
  region size 1024K, 16 young (16384K), 16 survivors (16384K)
 Metaspace       used 126642K, capacity 130045K, committed 130120K, reserved 1163264K
  class space    used 16032K, capacity 17334K, committed 17356K, reserved 1048576K
}
Event: 61.023 GC heap before
{Heap before GC invocations=76 (full 0):
 garbage-first heap   total 517120K, used 446025K [0x0000000080000000, 0x0000000100000000)
  region size 1024K, 145 young (148480K), 16 survivors (16384K)
 Metaspace       used 127493K, capacity 131018K, committed 131144K, reserved 1163264K
  class space    used 16130K, capacity 17487K, committed 17612K, reserved 1048576K
}
Event: 61.031 GC heap after
{Heap after GC invocations=77 (full 0):
 garbage-first heap   total 517120K, used 301598K [0x0000000080000000, 0x0000000100000000)
  region size 1024K, 3 young (3072K), 3 survivors (3072K)
 Metaspace       used 127493K, capacity 131018K, committed 131144K, reserved 1163264K
  class space    used 16130K, capacity 17487K, committed 17612K, reserved 1048576K
}
Event: 216.506 GC heap before
{Heap before GC invocations=77 (full 0):
 garbage-first heap   total 517120K, used 477726K [0x0000000080000000, 0x0000000100000000)
  region size 1024K, 143 young (146432K), 3 survivors (3072K)
 Metaspace       used 133704K, capacity 137377K, committed 137544K, reserved 1169408K
  class space    used 16648K, capacity 18066K, committed 18124K, reserved 1048576K
}
Event: 216.514 GC heap after
{Heap after GC invocations=78 (full 0):
 garbage-first heap   total 517120K, used 303587K [0x0000000080000000, 0x0000000100000000)
  region size 1024K, 5 young (5120K), 5 survivors (5120K)
 Metaspace       used 133704K, capacity 137377K, committed 137544K, reserved 1169408K
  class space    used 16648K, capacity 18066K, committed 18124K, reserved 1048576K
}

