# JRE version: OpenJDK Runtime Environment (11.0.11+9) (build 11.0.11+9-b60-7590822)
# Java VM: OpenJDK 64-Bit Server VM (11.0.11+9-b60-7590822, mixed mode, tiered, compressed oops, g1 gc, windows-amd64)
Heap:
 garbage-first heap   total 386048K, used 199851K [0x0000000080000000, 0x0000000100000000)
  region size 1024K, 3 young (3072K), 3 survivors (3072K)
 Metaspace       used 131609K, capacity 135293K, committed 135496K, reserved 1167360K
  class space    used 16249K, capacity 17571K, committed 17664K, reserved 1048576K
GC Heap History (20 events):
Event: 718.124 GC heap after
{Heap after GC invocations=71 (full 0):
 garbage-first heap   total 227328K, used 180759K [0x0000000080000000, 0x0000000100000000)
  region size 1024K, 1 young (1024K), 1 survivors (1024K)
 Metaspace       used 124748K, capacity 128444K, committed 128712K, reserved 1161216K
  class space    used 15662K, capacity 16931K, committed 17024K, reserved 1048576K
}
Event: 718.194 GC heap before
{Heap before GC invocations=71 (full 0):
 garbage-first heap   total 227328K, used 196119K [0x0000000080000000, 0x0000000100000000)
  region size 1024K, 16 young (16384K), 1 survivors (1024K)
 Metaspace       used 124749K, capacity 128444K, committed 128712K, reserved 1161216K
  class space    used 15662K, capacity 16931K, committed 17024K, reserved 1048576K
}
Event: 718.196 GC heap after
{Heap after GC invocations=72 (full 0):
 garbage-first heap   total 227328K, used 180927K [0x0000000080000000, 0x0000000100000000)
  region size 1024K, 1 young (1024K), 1 survivors (1024K)
 Metaspace       used 124749K, capacity 128444K, committed 128712K, reserved 1161216K
  class space    used 15662K, capacity 16931K, committed 17024K, reserved 1048576K
}
Event: 718.265 GC heap before
{Heap before GC invocations=72 (full 0):
 garbage-first heap   total 227328K, used 196287K [0x0000000080000000, 0x0000000100000000)
  region size 1024K, 16 young (16384K), 1 survivors (1024K)
 Metaspace       used 124750K, capacity 128444K, committed 128712K, reserved 1161216K
  class space    used 15662K, capacity 16931K, committed 17024K, reserved 1048576K
}
Event: 718.267 GC heap after
{Heap after GC invocations=73 (full 0):
 garbage-first heap   total 227328K, used 180737K [0x0000000080000000, 0x0000000100000000)
  region size 1024K, 1 young (1024K), 1 survivors (1024K)
 Metaspace       used 124750K, capacity 128444K, committed 128712K, reserved 1161216K
  class space    used 15662K, capacity 16931K, committed 17024K, reserved 1048576K
}
Event: 718.354 GC heap before
{Heap before GC invocations=73 (full 0):
 garbage-first heap   total 227328K, used 197121K [0x0000000080000000, 0x0000000100000000)
  region size 1024K, 17 young (17408K), 1 survivors (1024K)
 Metaspace       used 124752K, capacity 128444K, committed 128712K, reserved 1161216K
  class space    used 15662K, capacity 16931K, committed 17024K, reserved 1048576K
}
Event: 718.356 GC heap after
{Heap after GC invocations=74 (full 0):
 garbage-first heap   total 227328K, used 180749K [0x0000000080000000, 0x0000000100000000)
  region size 1024K, 1 young (1024K), 1 survivors (1024K)
 Metaspace       used 124752K, capacity 128444K, committed 128712K, reserved 1161216K
  class space    used 15662K, capacity 16931K, committed 17024K, reserved 1048576K
}
Event: 718.547 GC heap before
{Heap before GC invocations=74 (full 0):
 garbage-first heap   total 227328K, used 193037K [0x0000000080000000, 0x0000000100000000)
  region size 1024K, 12 young (12288K), 1 survivors (1024K)
 Metaspace       used 124774K, capacity 128450K, committed 128712K, reserved 1161216K
  class space    used 15665K, capacity 16933K, committed 17024K, reserved 1048576K
}
Event: 718.556 GC heap after
{Heap after GC invocations=75 (full 0):
 garbage-first heap   total 227328K, used 188372K [0x0000000080000000, 0x0000000100000000)
  region size 1024K, 3 young (3072K), 3 survivors (3072K)
 Metaspace       used 124774K, capacity 128450K, committed 128712K, reserved 1161216K
  class space    used 15665K, capacity 16933K, committed 17024K, reserved 1048576K
}
Event: 718.698 GC heap before
{Heap before GC invocations=75 (full 0):
 garbage-first heap   total 227328K, used 209876K [0x0000000080000000, 0x0000000100000000)
  region size 1024K, 11 young (11264K), 3 survivors (3072K)
 Metaspace       used 125035K, capacity 128705K, committed 128968K, reserved 1161216K
  class space    used 15684K, capacity 16944K, committed 17024K, reserved 1048576K
}
Event: 718.706 GC heap after
{Heap after GC invocations=76 (full 0):
 garbage-first heap   total 227328K, used 187569K [0x0000000080000000, 0x0000000100000000)
  region size 1024K, 2 young (2048K), 2 survivors (2048K)
 Metaspace       used 125035K, capacity 128705K, committed 128968K, reserved 1161216K
  class space    used 15684K, capacity 16944K, committed 17024K, reserved 1048576K
}
Event: 718.774 GC heap before
{Heap before GC invocations=76 (full 0):
 garbage-first heap   total 227328K, used 196785K [0x0000000080000000, 0x0000000100000000)
  region size 1024K, 11 young (11264K), 2 survivors (2048K)
 Metaspace       used 125128K, capacity 128778K, committed 128968K, reserved 1161216K
  class space    used 15690K, capacity 16946K, committed 17024K, reserved 1048576K
}
Event: 718.780 GC heap after
{Heap after GC invocations=77 (full 0):
 garbage-first heap   total 291840K, used 189062K [0x0000000080000000, 0x0000000100000000)
  region size 1024K, 2 young (2048K), 2 survivors (2048K)
 Metaspace       used 125128K, capacity 128778K, committed 128968K, reserved 1161216K
  class space    used 15690K, capacity 16946K, committed 17024K, reserved 1048576K
}
Event: 719.364 GC heap before
{Heap before GC invocations=78 (full 0):
 garbage-first heap   total 291840K, used 228998K [0x0000000080000000, 0x0000000100000000)
  region size 1024K, 42 young (43008K), 2 survivors (2048K)
 Metaspace       used 129019K, capacity 132676K, committed 132936K, reserved 1165312K
  class space    used 16005K, capacity 17298K, committed 17408K, reserved 1048576K
}
Event: 719.372 GC heap after
{Heap after GC invocations=79 (full 0):
 garbage-first heap   total 291840K, used 193007K [0x0000000080000000, 0x0000000100000000)
  region size 1024K, 6 young (6144K), 6 survivors (6144K)
 Metaspace       used 129019K, capacity 132676K, committed 132936K, reserved 1165312K
  class space    used 16005K, capacity 17298K, committed 17408K, reserved 1048576K
}
Event: 719.613 GC heap before
{Heap before GC invocations=79 (full 0):
 garbage-first heap   total 291840K, used 232943K [0x0000000080000000, 0x0000000100000000)
  region size 1024K, 46 young (47104K), 6 survivors (6144K)
 Metaspace       used 129426K, capacity 133092K, committed 133448K, reserved 1165312K
  class space    used 16030K, capacity 17330K, committed 17408K, reserved 1048576K
}
Event: 719.620 GC heap after
{Heap after GC invocations=80 (full 0):
 garbage-first heap   total 291840K, used 193892K [0x0000000080000000, 0x0000000100000000)
  region size 1024K, 2 young (2048K), 2 survivors (2048K)
 Metaspace       used 129426K, capacity 133092K, committed 133448K, reserved 1165312K
  class space    used 16030K, capacity 17330K, committed 17408K, reserved 1048576K
}
Event: 719.980 GC heap before
{Heap before GC invocations=80 (full 0):
 garbage-first heap   total 291840K, used 235876K [0x0000000080000000, 0x0000000100000000)
  region size 1024K, 44 young (45056K), 2 survivors (2048K)
 Metaspace       used 130983K, capacity 134689K, committed 134856K, reserved 1167360K
  class space    used 16200K, capacity 17499K, committed 17536K, reserved 1048576K
}
Event: 719.990 GC heap after
{Heap after GC invocations=81 (full 0):
 garbage-first heap   total 291840K, used 200201K [0x0000000080000000, 0x0000000100000000)
  region size 1024K, 6 young (6144K), 6 survivors (6144K)
 Metaspace       used 130983K, capacity 134689K, committed 134856K, reserved 1167360K
  class space    used 16200K, capacity 17499K, committed 17536K, reserved 1048576K
}
Event: 720.324 GC heap before
{Heap before GC invocations=81 (full 0):
 garbage-first heap   total 291840K, used 239113K [0x0000000080000000, 0x0000000100000000)
  region size 1024K, 45 young (46080K), 6 survivors (6144K)
 Metaspace       used 131609K, capacity 135293K, committed 135496K, reserved 1167360K
  class space    used 16249K, capacity 17571K, committed 17664K, reserved 1048576K
}

