# JRE version: OpenJDK Runtime Environment (11.0.11+9) (build 11.0.11+9-b60-7590822)
# Java VM: OpenJDK 64-Bit Server VM (11.0.11+9-b60-7590822, mixed mode, tiered, compressed oops, g1 gc, windows-amd64)
Heap:
 garbage-first heap   total 189440K, used 77599K [0x0000000080000000, 0x0000000100000000)
  region size 1024K, 10 young (10240K), 10 survivors (10240K)
 Metaspace       used 86291K, capacity 88241K, committed 88276K, reserved 1134592K
  class space    used 11138K, capacity 11891K, committed 11904K, reserved 1048576K
GC Heap History (20 events):
Event: 4.830 GC heap before
{Heap before GC invocations=6 (full 0):
 garbage-first heap   total 131072K, used 76915K [0x0000000080000000, 0x0000000100000000)
  region size 1024K, 60 young (61440K), 3 survivors (3072K)
 Metaspace       used 35065K, capacity 35846K, committed 36048K, reserved 1081344K
  class space    used 4561K, capacity 4863K, committed 4864K, reserved 1048576K
}
Event: 4.843 GC heap after
{Heap after GC invocations=7 (full 0):
 garbage-first heap   total 131072K, used 23066K [0x0000000080000000, 0x0000000100000000)
  region size 1024K, 7 young (7168K), 7 survivors (7168K)
 Metaspace       used 35065K, capacity 35846K, committed 36048K, reserved 1081344K
  class space    used 4561K, capacity 4863K, committed 4864K, reserved 1048576K
}
Event: 5.674 GC heap before
{Heap before GC invocations=8 (full 0):
 garbage-first heap   total 131072K, used 85530K [0x0000000080000000, 0x0000000100000000)
  region size 1024K, 66 young (67584K), 7 survivors (7168K)
 Metaspace       used 39290K, capacity 40203K, committed 40528K, reserved 1085440K
  class space    used 5040K, capacity 5393K, committed 5504K, reserved 1048576K
}
Event: 5.685 GC heap after
{Heap after GC invocations=9 (full 0):
 garbage-first heap   total 131072K, used 28092K [0x0000000080000000, 0x0000000100000000)
  region size 1024K, 9 young (9216K), 9 survivors (9216K)
 Metaspace       used 39290K, capacity 40203K, committed 40528K, reserved 1085440K
  class space    used 5040K, capacity 5393K, committed 5504K, reserved 1048576K
}
Event: 6.493 GC heap before
{Heap before GC invocations=9 (full 0):
 garbage-first heap   total 131072K, used 90556K [0x0000000080000000, 0x0000000100000000)
  region size 1024K, 70 young (71680K), 9 survivors (9216K)
 Metaspace       used 45181K, capacity 46244K, committed 46416K, reserved 1089536K
  class space    used 5800K, capacity 6204K, committed 6272K, reserved 1048576K
}
Event: 6.504 GC heap after
{Heap after GC invocations=10 (full 0):
 garbage-first heap   total 157696K, used 29777K [0x0000000080000000, 0x0000000100000000)
  region size 1024K, 3 young (3072K), 3 survivors (3072K)
 Metaspace       used 45181K, capacity 46244K, committed 46416K, reserved 1089536K
  class space    used 5800K, capacity 6204K, committed 6272K, reserved 1048576K
}
Event: 7.744 GC heap before
{Heap before GC invocations=10 (full 0):
 garbage-first heap   total 157696K, used 128081K [0x0000000080000000, 0x0000000100000000)
  region size 1024K, 91 young (93184K), 3 survivors (3072K)
 Metaspace       used 48724K, capacity 50003K, committed 50256K, reserved 1093632K
  class space    used 6218K, capacity 6713K, committed 6784K, reserved 1048576K
}
Event: 7.754 GC heap after
{Heap after GC invocations=11 (full 0):
 garbage-first heap   total 157696K, used 51504K [0x0000000080000000, 0x0000000100000000)
  region size 1024K, 12 young (12288K), 12 survivors (12288K)
 Metaspace       used 48724K, capacity 50003K, committed 50256K, reserved 1093632K
  class space    used 6218K, capacity 6713K, committed 6784K, reserved 1048576K
}
Event: 8.729 GC heap before
{Heap before GC invocations=11 (full 0):
 garbage-first heap   total 157696K, used 114992K [0x0000000080000000, 0x0000000100000000)
  region size 1024K, 74 young (75776K), 12 survivors (12288K)
 Metaspace       used 57793K, capacity 59083K, committed 59216K, reserved 1101824K
  class space    used 7270K, capacity 7771K, committed 7808K, reserved 1048576K
}
Event: 8.742 GC heap after
{Heap after GC invocations=12 (full 0):
 garbage-first heap   total 157696K, used 54307K [0x0000000080000000, 0x0000000100000000)
  region size 1024K, 3 young (3072K), 3 survivors (3072K)
 Metaspace       used 57793K, capacity 59083K, committed 59216K, reserved 1101824K
  class space    used 7270K, capacity 7771K, committed 7808K, reserved 1048576K
}
Event: 8.885 GC heap before
{Heap before GC invocations=12 (full 0):
 garbage-first heap   total 157696K, used 62499K [0x0000000080000000, 0x0000000100000000)
  region size 1024K, 12 young (12288K), 3 survivors (3072K)
 Metaspace       used 58827K, capacity 60124K, committed 60240K, reserved 1101824K
  class space    used 7429K, capacity 7949K, committed 8064K, reserved 1048576K
}
Event: 8.890 GC heap after
{Heap after GC invocations=13 (full 0):
 garbage-first heap   total 157696K, used 54292K [0x0000000080000000, 0x0000000100000000)
  region size 1024K, 3 young (3072K), 3 survivors (3072K)
 Metaspace       used 58827K, capacity 60124K, committed 60240K, reserved 1101824K
  class space    used 7429K, capacity 7949K, committed 8064K, reserved 1048576K
}
Event: 9.957 GC heap before
{Heap before GC invocations=14 (full 0):
 garbage-first heap   total 157696K, used 115732K [0x0000000080000000, 0x0000000100000000)
  region size 1024K, 63 young (64512K), 3 survivors (3072K)
 Metaspace       used 65090K, capacity 66531K, committed 66772K, reserved 1107968K
  class space    used 8196K, capacity 8774K, committed 8832K, reserved 1048576K
}
Event: 9.973 GC heap after
{Heap after GC invocations=15 (full 0):
 garbage-first heap   total 157696K, used 60067K [0x0000000080000000, 0x0000000100000000)
  region size 1024K, 8 young (8192K), 8 survivors (8192K)
 Metaspace       used 65090K, capacity 66531K, committed 66772K, reserved 1107968K
  class space    used 8196K, capacity 8774K, committed 8832K, reserved 1048576K
}
Event: 10.731 GC heap before
{Heap before GC invocations=16 (full 0):
 garbage-first heap   total 157696K, used 118435K [0x0000000080000000, 0x0000000100000000)
  region size 1024K, 65 young (66560K), 8 survivors (8192K)
 Metaspace       used 68082K, capacity 69640K, committed 69716K, reserved 1110016K
  class space    used 8588K, capacity 9164K, committed 9216K, reserved 1048576K
}
Event: 10.743 GC heap after
{Heap after GC invocations=17 (full 0):
 garbage-first heap   total 189440K, used 63977K [0x0000000080000000, 0x0000000100000000)
  region size 1024K, 5 young (5120K), 5 survivors (5120K)
 Metaspace       used 68082K, capacity 69640K, committed 69716K, reserved 1110016K
  class space    used 8588K, capacity 9164K, committed 9216K, reserved 1048576K
}
Event: 11.842 GC heap before
{Heap before GC invocations=17 (full 0):
 garbage-first heap   total 189440K, used 133609K [0x0000000080000000, 0x0000000100000000)
  region size 1024K, 73 young (74752K), 5 survivors (5120K)
 Metaspace       used 74811K, capacity 76335K, committed 76372K, reserved 1116160K
  class space    used 9632K, capacity 10216K, committed 10240K, reserved 1048576K
}
Event: 11.850 GC heap after
{Heap after GC invocations=18 (full 0):
 garbage-first heap   total 189440K, used 67572K [0x0000000080000000, 0x0000000100000000)
  region size 1024K, 9 young (9216K), 9 survivors (9216K)
 Metaspace       used 74811K, capacity 76335K, committed 76372K, reserved 1116160K
  class space    used 9632K, capacity 10216K, committed 10240K, reserved 1048576K
}
Event: 13.160 GC heap before
{Heap before GC invocations=18 (full 0):
 garbage-first heap   total 189440K, used 137204K [0x0000000080000000, 0x0000000100000000)
  region size 1024K, 77 young (78848K), 9 survivors (9216K)
 Metaspace       used 81981K, capacity 83724K, committed 83924K, reserved 1122304K
  class space    used 10602K, capacity 11306K, committed 11392K, reserved 1048576K
}
Event: 13.174 GC heap after
{Heap after GC invocations=19 (full 0):
 garbage-first heap   total 189440K, used 71842K [0x0000000080000000, 0x0000000100000000)
  region size 1024K, 9 young (9216K), 9 survivors (9216K)
 Metaspace       used 81981K, capacity 83724K, committed 83924K, reserved 1122304K
  class space    used 10602K, capacity 11306K, committed 11392K, reserved 1048576K
}

