# JRE version: OpenJDK Runtime Environment (11.0.11+9) (build 11.0.11+9-b60-7590822)
# Java VM: OpenJDK 64-Bit Server VM (11.0.11+9-b60-7590822, mixed mode, tiered, compressed oops, g1 gc, windows-amd64)
Heap:
 garbage-first heap   total 506880K, used 231602K [0x0000000080000000, 0x0000000100000000)
  region size 1024K, 5 young (5120K), 5 survivors (5120K)
 Metaspace       used 108603K, capacity 111200K, committed 111444K, reserved 1146880K
  class space    used 13817K, capacity 14820K, committed 14848K, reserved 1048576K
GC Heap History (20 events):
Event: 17.878 GC heap after
{Heap after GC invocations=26 (full 0):
 garbage-first heap   total 273408K, used 138729K [0x0000000080000000, 0x0000000100000000)
  region size 1024K, 8 young (8192K), 8 survivors (8192K)
 Metaspace       used 95024K, capacity 97051K, committed 97364K, reserved 1134592K
  class space    used 11893K, capacity 12690K, committed 12800K, reserved 1048576K
}
Event: 18.382 GC heap before
{Heap before GC invocations=27 (full 0):
 garbage-first heap   total 273408K, used 194025K [0x0000000080000000, 0x0000000100000000)
  region size 1024K, 79 young (80896K), 8 survivors (8192K)
 Metaspace       used 97983K, capacity 100047K, committed 100308K, reserved 1136640K
  class space    used 12264K, capacity 13049K, committed 13184K, reserved 1048576K
}
Event: 18.392 GC heap after
{Heap after GC invocations=28 (full 0):
 garbage-first heap   total 273408K, used 122138K [0x0000000080000000, 0x0000000100000000)
  region size 1024K, 3 young (3072K), 3 survivors (3072K)
 Metaspace       used 97983K, capacity 100047K, committed 100308K, reserved 1136640K
  class space    used 12264K, capacity 13049K, committed 13184K, reserved 1048576K
}
Event: 18.568 GC heap before
{Heap before GC invocations=28 (full 0):
 garbage-first heap   total 273408K, used 131354K [0x0000000080000000, 0x0000000100000000)
  region size 1024K, 13 young (13312K), 3 survivors (3072K)
 Metaspace       used 98493K, capacity 100591K, committed 100820K, reserved 1136640K
  class space    used 12313K, capacity 13092K, committed 13184K, reserved 1048576K
}
Event: 18.575 GC heap after
{Heap after GC invocations=29 (full 0):
 garbage-first heap   total 273408K, used 104991K [0x0000000080000000, 0x0000000100000000)
  region size 1024K, 2 young (2048K), 2 survivors (2048K)
 Metaspace       used 98493K, capacity 100591K, committed 100820K, reserved 1136640K
  class space    used 12313K, capacity 13092K, committed 13184K, reserved 1048576K
}
Event: 19.427 GC heap before
{Heap before GC invocations=29 (full 0):
 garbage-first heap   total 273408K, used 203295K [0x0000000080000000, 0x0000000100000000)
  region size 1024K, 91 young (93184K), 2 survivors (2048K)
 Metaspace       used 99621K, capacity 101662K, committed 101972K, reserved 1138688K
  class space    used 12417K, capacity 13226K, committed 13312K, reserved 1048576K
}
Event: 19.440 GC heap after
{Heap after GC invocations=30 (full 0):
 garbage-first heap   total 273408K, used 120252K [0x0000000080000000, 0x0000000100000000)
  region size 1024K, 9 young (9216K), 9 survivors (9216K)
 Metaspace       used 99621K, capacity 101662K, committed 101972K, reserved 1138688K
  class space    used 12417K, capacity 13226K, committed 13312K, reserved 1048576K
}
Event: 19.875 GC heap before
{Heap before GC invocations=30 (full 0):
 garbage-first heap   total 273408K, used 191932K [0x0000000080000000, 0x0000000100000000)
  region size 1024K, 71 young (72704K), 9 survivors (9216K)
 Metaspace       used 102753K, capacity 104987K, committed 105172K, reserved 1140736K
  class space    used 12834K, capacity 13655K, committed 13696K, reserved 1048576K
}
Event: 19.889 GC heap after
{Heap after GC invocations=31 (full 0):
 garbage-first heap   total 273408K, used 137123K [0x0000000080000000, 0x0000000100000000)
  region size 1024K, 10 young (10240K), 10 survivors (10240K)
 Metaspace       used 102753K, capacity 104987K, committed 105172K, reserved 1140736K
  class space    used 12834K, capacity 13655K, committed 13696K, reserved 1048576K
}
Event: 20.576 GC heap before
{Heap before GC invocations=32 (full 0):
 garbage-first heap   total 273408K, used 239523K [0x0000000080000000, 0x0000000100000000)
  region size 1024K, 86 young (88064K), 10 survivors (10240K)
 Metaspace       used 105364K, capacity 107703K, committed 107860K, reserved 1142784K
  class space    used 13389K, capacity 14301K, committed 14336K, reserved 1048576K
}
Event: 20.615 GC heap after
{Heap after GC invocations=33 (full 0):
 garbage-first heap   total 277504K, used 176039K [0x0000000080000000, 0x0000000100000000)
  region size 1024K, 11 young (11264K), 11 survivors (11264K)
 Metaspace       used 105364K, capacity 107703K, committed 107860K, reserved 1142784K
  class space    used 13389K, capacity 14301K, committed 14336K, reserved 1048576K
}
Event: 20.646 GC heap before
{Heap before GC invocations=33 (full 0):
 garbage-first heap   total 277504K, used 178087K [0x0000000080000000, 0x0000000100000000)
  region size 1024K, 13 young (13312K), 11 survivors (11264K)
 Metaspace       used 105507K, capacity 107844K, committed 108116K, reserved 1142784K
  class space    used 13404K, capacity 14303K, committed 14336K, reserved 1048576K
}
Event: 20.670 GC heap after
{Heap after GC invocations=34 (full 0):
 garbage-first heap   total 333824K, used 171361K [0x0000000080000000, 0x0000000100000000)
  region size 1024K, 2 young (2048K), 2 survivors (2048K)
 Metaspace       used 105507K, capacity 107844K, committed 108116K, reserved 1142784K
  class space    used 13404K, capacity 14303K, committed 14336K, reserved 1048576K
}
Event: 21.156 GC heap before
{Heap before GC invocations=34 (full 0):
 garbage-first heap   total 333824K, used 252257K [0x0000000080000000, 0x0000000100000000)
  region size 1024K, 81 young (82944K), 2 survivors (2048K)
 Metaspace       used 105746K, capacity 108049K, committed 108116K, reserved 1142784K
  class space    used 13405K, capacity 14303K, committed 14336K, reserved 1048576K
}
Event: 21.206 GC heap after
{Heap after GC invocations=35 (full 0):
 garbage-first heap   total 333824K, used 210517K [0x0000000080000000, 0x0000000100000000)
  region size 1024K, 11 young (11264K), 11 survivors (11264K)
 Metaspace       used 105746K, capacity 108049K, committed 108116K, reserved 1142784K
  class space    used 13405K, capacity 14303K, committed 14336K, reserved 1048576K
}
Event: 21.772 GC heap before
{Heap before GC invocations=36 (full 0):
 garbage-first heap   total 333824K, used 259669K [0x0000000080000000, 0x0000000100000000)
  region size 1024K, 60 young (61440K), 11 survivors (11264K)
 Metaspace       used 107433K, capacity 109795K, committed 109908K, reserved 1144832K
  class space    used 13628K, capacity 14529K, committed 14592K, reserved 1048576K
}
Event: 21.813 GC heap after
{Heap after GC invocations=37 (full 0):
 garbage-first heap   total 333824K, used 233472K [0x0000000080000000, 0x0000000100000000)
  region size 1024K, 8 young (8192K), 8 survivors (8192K)
 Metaspace       used 107433K, capacity 109795K, committed 109908K, reserved 1144832K
  class space    used 13628K, capacity 14529K, committed 14592K, reserved 1048576K
}
Event: 22.242 GC heap before
{Heap before GC invocations=37 (full 0):
 garbage-first heap   total 333824K, used 267264K [0x0000000080000000, 0x0000000100000000)
  region size 1024K, 42 young (43008K), 8 survivors (8192K)
 Metaspace       used 108309K, capacity 110848K, committed 111188K, reserved 1146880K
  class space    used 13777K, capacity 14750K, committed 14848K, reserved 1048576K
}
Event: 22.262 GC heap after
{Heap after GC invocations=38 (full 0):
 garbage-first heap   total 333824K, used 241664K [0x0000000080000000, 0x0000000100000000)
  region size 1024K, 6 young (6144K), 6 survivors (6144K)
 Metaspace       used 108309K, capacity 110848K, committed 111188K, reserved 1146880K
  class space    used 13777K, capacity 14750K, committed 14848K, reserved 1048576K
}
Event: 22.708 GC heap before
{Heap before GC invocations=38 (full 0):
 garbage-first heap   total 333824K, used 259072K [0x0000000080000000, 0x0000000100000000)
  region size 1024K, 38 young (38912K), 6 survivors (6144K)
 Metaspace       used 108603K, capacity 111200K, committed 111444K, reserved 1146880K
  class space    used 13817K, capacity 14820K, committed 14848K, reserved 1048576K
}

