# JRE version: OpenJDK Runtime Environment (11.0.11+9) (build 11.0.11+9-b60-7590822)
# Java VM: OpenJDK 64-Bit Server VM (11.0.11+9-b60-7590822, mixed mode, tiered, compressed oops, g1 gc, windows-amd64)
Heap:
 garbage-first heap   total 189440K, used 78434K [0x0000000080000000, 0x0000000100000000)
  region size 1024K, 7 young (7168K), 7 survivors (7168K)
 Metaspace       used 52274K, capacity 53837K, committed 53888K, reserved 1095680K
  class space    used 6684K, capacity 7247K, committed 7296K, reserved 1048576K
GC Heap History (20 events):
Event: 1.808 GC heap after
{Heap after GC invocations=2 (full 0):
 garbage-first heap   total 131072K, used 10129K [0x0000000080000000, 0x0000000100000000)
  region size 1024K, 1 young (1024K), 1 survivors (1024K)
 Metaspace       used 11203K, capacity 11450K, committed 11520K, reserved 1058816K
  class space    used 1175K, capacity 1246K, committed 1280K, reserved 1048576K
}
Event: 3.083 GC heap before
{Heap before GC invocations=2 (full 0):
 garbage-first heap   total 131072K, used 64401K [0x0000000080000000, 0x0000000100000000)
  region size 1024K, 54 young (55296K), 1 survivors (1024K)
 Metaspace       used 18069K, capacity 18498K, committed 18688K, reserved 1064960K
  class space    used 2141K, capacity 2270K, committed 2304K, reserved 1048576K
}
Event: 3.091 GC heap after
{Heap after GC invocations=3 (full 0):
 garbage-first heap   total 131072K, used 16433K [0x0000000080000000, 0x0000000100000000)
  region size 1024K, 7 young (7168K), 7 survivors (7168K)
 Metaspace       used 18069K, capacity 18498K, committed 18688K, reserved 1064960K
  class space    used 2141K, capacity 2270K, committed 2304K, reserved 1048576K
}
Event: 3.380 GC heap before
{Heap before GC invocations=3 (full 0):
 garbage-first heap   total 131072K, used 37937K [0x0000000080000000, 0x0000000100000000)
  region size 1024K, 29 young (29696K), 7 survivors (7168K)
 Metaspace       used 20707K, capacity 21186K, committed 21296K, reserved 1069056K
  class space    used 2534K, capacity 2676K, committed 2688K, reserved 1048576K
}
Event: 3.389 GC heap after
{Heap after GC invocations=4 (full 0):
 garbage-first heap   total 131072K, used 17725K [0x0000000080000000, 0x0000000100000000)
  region size 1024K, 1 young (1024K), 1 survivors (1024K)
 Metaspace       used 20707K, capacity 21186K, committed 21296K, reserved 1069056K
  class space    used 2534K, capacity 2676K, committed 2688K, reserved 1048576K
}
Event: 4.286 GC heap before
{Heap before GC invocations=5 (full 0):
 garbage-first heap   total 131072K, used 71997K [0x0000000080000000, 0x0000000100000000)
  region size 1024K, 54 young (55296K), 1 survivors (1024K)
 Metaspace       used 26579K, capacity 27314K, committed 27520K, reserved 1073152K
  class space    used 3482K, capacity 3705K, committed 3712K, reserved 1048576K
}
Event: 4.291 GC heap after
{Heap after GC invocations=6 (full 0):
 garbage-first heap   total 131072K, used 19862K [0x0000000080000000, 0x0000000100000000)
  region size 1024K, 4 young (4096K), 4 survivors (4096K)
 Metaspace       used 26579K, capacity 27314K, committed 27520K, reserved 1073152K
  class space    used 3482K, capacity 3705K, committed 3712K, reserved 1048576K
}
Event: 5.399 GC heap before
{Heap before GC invocations=6 (full 0):
 garbage-first heap   total 131072K, used 85398K [0x0000000080000000, 0x0000000100000000)
  region size 1024K, 60 young (61440K), 4 survivors (4096K)
 Metaspace       used 31656K, capacity 32585K, committed 32768K, reserved 1077248K
  class space    used 4266K, capacity 4607K, committed 4608K, reserved 1048576K
}
Event: 5.409 GC heap after
{Heap after GC invocations=7 (full 0):
 garbage-first heap   total 131072K, used 34031K [0x0000000080000000, 0x0000000100000000)
  region size 1024K, 8 young (8192K), 8 survivors (8192K)
 Metaspace       used 31656K, capacity 32585K, committed 32768K, reserved 1077248K
  class space    used 4266K, capacity 4607K, committed 4608K, reserved 1048576K
}
Event: 5.769 GC heap before
{Heap before GC invocations=7 (full 0):
 garbage-first heap   total 131072K, used 46319K [0x0000000080000000, 0x0000000100000000)
  region size 1024K, 21 young (21504K), 8 survivors (8192K)
 Metaspace       used 34945K, capacity 35885K, committed 35968K, reserved 1081344K
  class space    used 4557K, capacity 4920K, committed 4992K, reserved 1048576K
}
Event: 5.783 GC heap after
{Heap after GC invocations=8 (full 0):
 garbage-first heap   total 131072K, used 35903K [0x0000000080000000, 0x0000000100000000)
  region size 1024K, 2 young (2048K), 2 survivors (2048K)
 Metaspace       used 34945K, capacity 35885K, committed 35968K, reserved 1081344K
  class space    used 4557K, capacity 4920K, committed 4992K, reserved 1048576K
}
Event: 6.451 GC heap before
{Heap before GC invocations=9 (full 0):
 garbage-first heap   total 131072K, used 80959K [0x0000000080000000, 0x0000000100000000)
  region size 1024K, 44 young (45056K), 2 survivors (2048K)
 Metaspace       used 39818K, capacity 40929K, committed 41088K, reserved 1085440K
  class space    used 5057K, capacity 5446K, committed 5504K, reserved 1048576K
}
Event: 6.466 GC heap after
{Heap after GC invocations=10 (full 0):
 garbage-first heap   total 157696K, used 39785K [0x0000000080000000, 0x0000000100000000)
  region size 1024K, 6 young (6144K), 6 survivors (6144K)
 Metaspace       used 39818K, capacity 40929K, committed 41088K, reserved 1085440K
  class space    used 5057K, capacity 5446K, committed 5504K, reserved 1048576K
}
Event: 7.368 GC heap before
{Heap before GC invocations=11 (full 0):
 garbage-first heap   total 157696K, used 95081K [0x0000000080000000, 0x0000000100000000)
  region size 1024K, 58 young (59392K), 6 survivors (6144K)
 Metaspace       used 43555K, capacity 44775K, committed 45056K, reserved 1087488K
  class space    used 5590K, capacity 6036K, committed 6144K, reserved 1048576K
}
Event: 7.377 GC heap after
{Heap after GC invocations=12 (full 0):
 garbage-first heap   total 157696K, used 47083K [0x0000000080000000, 0x0000000100000000)
  region size 1024K, 8 young (8192K), 8 survivors (8192K)
 Metaspace       used 43555K, capacity 44775K, committed 45056K, reserved 1087488K
  class space    used 5590K, capacity 6036K, committed 6144K, reserved 1048576K
}
Event: 8.148 GC heap before
{Heap before GC invocations=12 (full 0):
 garbage-first heap   total 157696K, used 105451K [0x0000000080000000, 0x0000000100000000)
  region size 1024K, 61 young (62464K), 8 survivors (8192K)
 Metaspace       used 46967K, capacity 48279K, committed 48512K, reserved 1091584K
  class space    used 5968K, capacity 6433K, committed 6528K, reserved 1048576K
}
Event: 8.161 GC heap after
{Heap after GC invocations=13 (full 0):
 garbage-first heap   total 157696K, used 56450K [0x0000000080000000, 0x0000000100000000)
  region size 1024K, 6 young (6144K), 6 survivors (6144K)
 Metaspace       used 46967K, capacity 48279K, committed 48512K, reserved 1091584K
  class space    used 5968K, capacity 6433K, committed 6528K, reserved 1048576K
}
Event: 8.868 GC heap before
{Heap before GC invocations=13 (full 0):
 garbage-first heap   total 157696K, used 108674K [0x0000000080000000, 0x0000000100000000)
  region size 1024K, 57 young (58368K), 6 survivors (6144K)
 Metaspace       used 50172K, capacity 51639K, committed 51712K, reserved 1093632K
  class space    used 6424K, capacity 6910K, committed 6912K, reserved 1048576K
}
Event: 8.879 GC heap after
{Heap after GC invocations=14 (full 0):
 garbage-first heap   total 157696K, used 59738K [0x0000000080000000, 0x0000000100000000)
  region size 1024K, 4 young (4096K), 4 survivors (4096K)
 Metaspace       used 50172K, capacity 51639K, committed 51712K, reserved 1093632K
  class space    used 6424K, capacity 6910K, committed 6912K, reserved 1048576K
}
Event: 10.231 GC heap before
{Heap before GC invocations=14 (full 0):
 garbage-first heap   total 157696K, used 121178K [0x0000000080000000, 0x0000000100000000)
  region size 1024K, 56 young (57344K), 4 survivors (4096K)
 Metaspace       used 52274K, capacity 53837K, committed 53888K, reserved 1095680K
  class space    used 6684K, capacity 7247K, committed 7296K, reserved 1048576K
}

