# JRE version: OpenJDK Runtime Environment (11.0.11+9) (build 11.0.11+9-b60-7590822)
# Java VM: OpenJDK 64-Bit Server VM (11.0.11+9-b60-7590822, mixed mode, tiered, compressed oops, g1 gc, windows-amd64)
Heap:
 garbage-first heap   total 189440K, used 102076K [0x0000000080000000, 0x0000000100000000)
  region size 1024K, 12 young (12288K), 4 survivors (4096K)
 Metaspace       used 95299K, capacity 97444K, committed 97648K, reserved 1134592K
  class space    used 12219K, capacity 13052K, committed 13132K, reserved 1048576K
GC Heap History (20 events):
Event: 12.450 GC heap before
{Heap before GC invocations=12 (full 0):
 garbage-first heap   total 157696K, used 114651K [0x0000000080000000, 0x0000000100000000)
  region size 1024K, 62 young (63488K), 3 survivors (3072K)
 Metaspace       used 65035K, capacity 66515K, committed 66672K, reserved 1107968K
  class space    used 8189K, capacity 8764K, committed 8780K, reserved 1048576K
}
Event: 12.462 GC heap after
{Heap after GC invocations=13 (full 0):
 garbage-first heap   total 157696K, used 58964K [0x0000000080000000, 0x0000000100000000)
  region size 1024K, 8 young (8192K), 8 survivors (8192K)
 Metaspace       used 65035K, capacity 66515K, committed 66672K, reserved 1107968K
  class space    used 8189K, capacity 8764K, committed 8780K, reserved 1048576K
}
Event: 13.534 GC heap before
{Heap before GC invocations=14 (full 0):
 garbage-first heap   total 157696K, used 118356K [0x0000000080000000, 0x0000000100000000)
  region size 1024K, 66 young (67584K), 8 survivors (8192K)
 Metaspace       used 68163K, capacity 69749K, committed 70000K, reserved 1110016K
  class space    used 8592K, capacity 9196K, committed 9292K, reserved 1048576K
}
Event: 13.546 GC heap after
{Heap after GC invocations=15 (full 0):
 garbage-first heap   total 157696K, used 62374K [0x0000000080000000, 0x0000000100000000)
  region size 1024K, 5 young (5120K), 5 survivors (5120K)
 Metaspace       used 68163K, capacity 69749K, committed 70000K, reserved 1110016K
  class space    used 8592K, capacity 9196K, committed 9292K, reserved 1048576K
}
Event: 14.675 GC heap before
{Heap before GC invocations=15 (full 0):
 garbage-first heap   total 157696K, used 120742K [0x0000000080000000, 0x0000000100000000)
  region size 1024K, 62 young (63488K), 5 survivors (5120K)
 Metaspace       used 73717K, capacity 75259K, committed 75504K, reserved 1114112K
  class space    used 9474K, capacity 10093K, committed 10188K, reserved 1048576K
}
Event: 14.686 GC heap after
{Heap after GC invocations=16 (full 0):
 garbage-first heap   total 157696K, used 65900K [0x0000000080000000, 0x0000000100000000)
  region size 1024K, 8 young (8192K), 8 survivors (8192K)
 Metaspace       used 73717K, capacity 75259K, committed 75504K, reserved 1114112K
  class space    used 9474K, capacity 10093K, committed 10188K, reserved 1048576K
}
Event: 15.886 GC heap before
{Heap before GC invocations=16 (full 0):
 garbage-first heap   total 157696K, used 123244K [0x0000000080000000, 0x0000000100000000)
  region size 1024K, 64 young (65536K), 8 survivors (8192K)
 Metaspace       used 78631K, capacity 80361K, committed 80624K, reserved 1120256K
  class space    used 10157K, capacity 10834K, committed 10956K, reserved 1048576K
}
Event: 15.898 GC heap after
{Heap after GC invocations=17 (full 0):
 garbage-first heap   total 157696K, used 69628K [0x0000000080000000, 0x0000000100000000)
  region size 1024K, 8 young (8192K), 8 survivors (8192K)
 Metaspace       used 78631K, capacity 80361K, committed 80624K, reserved 1120256K
  class space    used 10157K, capacity 10834K, committed 10956K, reserved 1048576K
}
Event: 17.024 GC heap before
{Heap before GC invocations=17 (full 0):
 garbage-first heap   total 157696K, used 124924K [0x0000000080000000, 0x0000000100000000)
  region size 1024K, 63 young (64512K), 8 survivors (8192K)
 Metaspace       used 84876K, capacity 86727K, committed 86896K, reserved 1124352K
  class space    used 10893K, capacity 11591K, committed 11596K, reserved 1048576K
}
Event: 17.037 GC heap after
{Heap after GC invocations=18 (full 0):
 garbage-first heap   total 157696K, used 74539K [0x0000000080000000, 0x0000000100000000)
  region size 1024K, 8 young (8192K), 8 survivors (8192K)
 Metaspace       used 84876K, capacity 86727K, committed 86896K, reserved 1124352K
  class space    used 10893K, capacity 11591K, committed 11596K, reserved 1048576K
}
Event: 17.822 GC heap before
{Heap before GC invocations=18 (full 0):
 garbage-first heap   total 157696K, used 126763K [0x0000000080000000, 0x0000000100000000)
  region size 1024K, 59 young (60416K), 8 survivors (8192K)
 Metaspace       used 86877K, capacity 88885K, committed 89072K, reserved 1126400K
  class space    used 11189K, capacity 11946K, committed 11980K, reserved 1048576K
}
Event: 17.837 GC heap after
{Heap after GC invocations=19 (full 0):
 garbage-first heap   total 157696K, used 81581K [0x0000000080000000, 0x0000000100000000)
  region size 1024K, 7 young (7168K), 7 survivors (7168K)
 Metaspace       used 86877K, capacity 88885K, committed 89072K, reserved 1126400K
  class space    used 11189K, capacity 11946K, committed 11980K, reserved 1048576K
}
Event: 18.276 GC heap before
{Heap before GC invocations=19 (full 0):
 garbage-first heap   total 157696K, used 125613K [0x0000000080000000, 0x0000000100000000)
  region size 1024K, 51 young (52224K), 7 survivors (7168K)
 Metaspace       used 87125K, capacity 89188K, committed 89328K, reserved 1126400K
  class space    used 11197K, capacity 11958K, committed 11980K, reserved 1048576K
}
Event: 18.290 GC heap after
{Heap after GC invocations=20 (full 0):
 garbage-first heap   total 189440K, used 85115K [0x0000000080000000, 0x0000000100000000)
  region size 1024K, 6 young (6144K), 6 survivors (6144K)
 Metaspace       used 87125K, capacity 89188K, committed 89328K, reserved 1126400K
  class space    used 11197K, capacity 11958K, committed 11980K, reserved 1048576K
}
Event: 18.969 GC heap before
{Heap before GC invocations=21 (full 0):
 garbage-first heap   total 189440K, used 143483K [0x0000000080000000, 0x0000000100000000)
  region size 1024K, 64 young (65536K), 6 survivors (6144K)
 Metaspace       used 87594K, capacity 89615K, committed 89712K, reserved 1126400K
  class space    used 11235K, capacity 12037K, committed 12108K, reserved 1048576K
}
Event: 18.977 GC heap after
{Heap after GC invocations=22 (full 0):
 garbage-first heap   total 189440K, used 88372K [0x0000000080000000, 0x0000000100000000)
  region size 1024K, 6 young (6144K), 6 survivors (6144K)
 Metaspace       used 87594K, capacity 89615K, committed 89712K, reserved 1126400K
  class space    used 11235K, capacity 12037K, committed 12108K, reserved 1048576K
}
Event: 19.780 GC heap before
{Heap before GC invocations=22 (full 0):
 garbage-first heap   total 189440K, used 146740K [0x0000000080000000, 0x0000000100000000)
  region size 1024K, 64 young (65536K), 6 survivors (6144K)
 Metaspace       used 90286K, capacity 92332K, committed 92656K, reserved 1130496K
  class space    used 11594K, capacity 12396K, committed 12492K, reserved 1048576K
}
Event: 19.790 GC heap after
{Heap after GC invocations=23 (full 0):
 garbage-first heap   total 189440K, used 91297K [0x0000000080000000, 0x0000000100000000)
  region size 1024K, 5 young (5120K), 5 survivors (5120K)
 Metaspace       used 90286K, capacity 92332K, committed 92656K, reserved 1130496K
  class space    used 11594K, capacity 12396K, committed 12492K, reserved 1048576K
}
Event: 20.855 GC heap before
{Heap before GC invocations=23 (full 0):
 garbage-first heap   total 189440K, used 149665K [0x0000000080000000, 0x0000000100000000)
  region size 1024K, 62 young (63488K), 5 survivors (5120K)
 Metaspace       used 94161K, capacity 96248K, committed 96496K, reserved 1132544K
  class space    used 12058K, capacity 12889K, committed 13004K, reserved 1048576K
}
Event: 20.872 GC heap after
{Heap after GC invocations=24 (full 0):
 garbage-first heap   total 189440K, used 94908K [0x0000000080000000, 0x0000000100000000)
  region size 1024K, 4 young (4096K), 4 survivors (4096K)
 Metaspace       used 94161K, capacity 96248K, committed 96496K, reserved 1132544K
  class space    used 12058K, capacity 12889K, committed 13004K, reserved 1048576K
}

