# JRE version: OpenJDK Runtime Environment (11.0.11+9) (build 11.0.11+9-b60-7590822)
# Java VM: OpenJDK 64-Bit Server VM (11.0.11+9-b60-7590822, mixed mode, tiered, compressed oops, g1 gc, windows-amd64)
Heap:
 garbage-first heap   total 656384K, used 213346K [0x0000000080000000, 0x0000000100000000)
  region size 1024K, 8 young (8192K), 8 survivors (8192K)
 Metaspace       used 110454K, capacity 113283K, committed 113876K, reserved 1148928K
  class space    used 14135K, capacity 15288K, committed 15488K, reserved 1048576K
GC Heap History (20 events):
Event: 643.794 GC heap after
{Heap after GC invocations=34 (full 0):
 garbage-first heap   total 227328K, used 142625K [0x0000000080000000, 0x0000000100000000)
  region size 1024K, 7 young (7168K), 7 survivors (7168K)
 Metaspace       used 105340K, capacity 107967K, committed 108116K, reserved 1142784K
  class space    used 13285K, capacity 14264K, committed 14336K, reserved 1048576K
}
Event: 643.928 GC heap before
{Heap before GC invocations=34 (full 0):
 garbage-first heap   total 227328K, used 184609K [0x0000000080000000, 0x0000000100000000)
  region size 1024K, 48 young (49152K), 7 survivors (7168K)
 Metaspace       used 105580K, capacity 108196K, committed 108372K, reserved 1142784K
  class space    used 13320K, capacity 14319K, committed 14336K, reserved 1048576K
}
Event: 643.954 GC heap after
{Heap after GC invocations=35 (full 0):
 garbage-first heap   total 227328K, used 155644K [0x0000000080000000, 0x0000000100000000)
  region size 1024K, 6 young (6144K), 6 survivors (6144K)
 Metaspace       used 105580K, capacity 108196K, committed 108372K, reserved 1142784K
  class space    used 13320K, capacity 14319K, committed 14336K, reserved 1048576K
}
Event: 644.065 GC heap before
{Heap before GC invocations=35 (full 0):
 garbage-first heap   total 227328K, used 185340K [0x0000000080000000, 0x0000000100000000)
  region size 1024K, 36 young (36864K), 6 survivors (6144K)
 Metaspace       used 106182K, capacity 108849K, committed 109012K, reserved 1144832K
  class space    used 13408K, capacity 14406K, committed 14464K, reserved 1048576K
}
Event: 644.086 GC heap after
{Heap after GC invocations=36 (full 0):
 garbage-first heap   total 227328K, used 164716K [0x0000000080000000, 0x0000000100000000)
  region size 1024K, 5 young (5120K), 5 survivors (5120K)
 Metaspace       used 106182K, capacity 108849K, committed 109012K, reserved 1144832K
  class space    used 13408K, capacity 14406K, committed 14464K, reserved 1048576K
}
Event: 644.183 GC heap before
{Heap before GC invocations=36 (full 0):
 garbage-first heap   total 227328K, used 189292K [0x0000000080000000, 0x0000000100000000)
  region size 1024K, 29 young (29696K), 5 survivors (5120K)
 Metaspace       used 106376K, capacity 108979K, committed 109268K, reserved 1144832K
  class space    used 13421K, capacity 14406K, committed 14464K, reserved 1048576K
}
Event: 644.197 GC heap after
{Heap after GC invocations=37 (full 0):
 garbage-first heap   total 227328K, used 170707K [0x0000000080000000, 0x0000000100000000)
  region size 1024K, 4 young (4096K), 4 survivors (4096K)
 Metaspace       used 106376K, capacity 108979K, committed 109268K, reserved 1144832K
  class space    used 13421K, capacity 14406K, committed 14464K, reserved 1048576K
}
Event: 644.303 GC heap before
{Heap before GC invocations=37 (full 0):
 garbage-first heap   total 227328K, used 190163K [0x0000000080000000, 0x0000000100000000)
  region size 1024K, 24 young (24576K), 4 survivors (4096K)
 Metaspace       used 106464K, capacity 109028K, committed 109268K, reserved 1144832K
  class space    used 13427K, capacity 14398K, committed 14464K, reserved 1048576K
}
Event: 644.314 GC heap after
{Heap after GC invocations=38 (full 0):
 garbage-first heap   total 227328K, used 175983K [0x0000000080000000, 0x0000000100000000)
  region size 1024K, 3 young (3072K), 3 survivors (3072K)
 Metaspace       used 106464K, capacity 109028K, committed 109268K, reserved 1144832K
  class space    used 13427K, capacity 14398K, committed 14464K, reserved 1048576K
}
Event: 644.367 GC heap before
{Heap before GC invocations=38 (full 0):
 garbage-first heap   total 227328K, used 192367K [0x0000000080000000, 0x0000000100000000)
  region size 1024K, 20 young (20480K), 3 survivors (3072K)
 Metaspace       used 106464K, capacity 109028K, committed 109268K, reserved 1144832K
  class space    used 13427K, capacity 14398K, committed 14464K, reserved 1048576K
}
Event: 644.379 GC heap after
{Heap after GC invocations=39 (full 0):
 garbage-first heap   total 227328K, used 179926K [0x0000000080000000, 0x0000000100000000)
  region size 1024K, 3 young (3072K), 3 survivors (3072K)
 Metaspace       used 106464K, capacity 109028K, committed 109268K, reserved 1144832K
  class space    used 13427K, capacity 14398K, committed 14464K, reserved 1048576K
}
Event: 644.417 GC heap before
{Heap before GC invocations=40 (full 0):
 garbage-first heap   total 227328K, used 195286K [0x0000000080000000, 0x0000000100000000)
  region size 1024K, 18 young (18432K), 3 survivors (3072K)
 Metaspace       used 106781K, capacity 109380K, committed 109652K, reserved 1144832K
  class space    used 13457K, capacity 14430K, committed 14592K, reserved 1048576K
}
Event: 644.431 GC heap after
{Heap after GC invocations=41 (full 0):
 garbage-first heap   total 345088K, used 183313K [0x0000000080000000, 0x0000000100000000)
  region size 1024K, 3 young (3072K), 3 survivors (3072K)
 Metaspace       used 106781K, capacity 109380K, committed 109652K, reserved 1144832K
  class space    used 13457K, capacity 14430K, committed 14592K, reserved 1048576K
}
Event: 644.496 GC heap before
{Heap before GC invocations=41 (full 0):
 garbage-first heap   total 345088K, used 195601K [0x0000000080000000, 0x0000000100000000)
  region size 1024K, 16 young (16384K), 3 survivors (3072K)
 Metaspace       used 107474K, capacity 110088K, committed 110420K, reserved 1144832K
  class space    used 13545K, capacity 14519K, committed 14592K, reserved 1048576K
}
Event: 644.504 GC heap after
{Heap after GC invocations=42 (full 0):
 garbage-first heap   total 345088K, used 185425K [0x0000000080000000, 0x0000000100000000)
  region size 1024K, 2 young (2048K), 2 survivors (2048K)
 Metaspace       used 107474K, capacity 110088K, committed 110420K, reserved 1144832K
  class space    used 13545K, capacity 14519K, committed 14592K, reserved 1048576K
}
Event: 644.642 GC heap before
{Heap before GC invocations=42 (full 0):
 garbage-first heap   total 345088K, used 240721K [0x0000000080000000, 0x0000000100000000)
  region size 1024K, 56 young (57344K), 2 survivors (2048K)
 Metaspace       used 108659K, capacity 111601K, committed 111700K, reserved 1146880K
  class space    used 13854K, capacity 15038K, committed 15104K, reserved 1048576K
}
Event: 644.659 GC heap after
{Heap after GC invocations=43 (full 0):
 garbage-first heap   total 345088K, used 194768K [0x0000000080000000, 0x0000000100000000)
  region size 1024K, 7 young (7168K), 7 survivors (7168K)
 Metaspace       used 108659K, capacity 111601K, committed 111700K, reserved 1146880K
  class space    used 13854K, capacity 15038K, committed 15104K, reserved 1048576K
}
Event: 644.809 GC heap before
{Heap before GC invocations=43 (full 0):
 garbage-first heap   total 345088K, used 251088K [0x0000000080000000, 0x0000000100000000)
  region size 1024K, 62 young (63488K), 7 survivors (7168K)
 Metaspace       used 109246K, capacity 112192K, committed 112340K, reserved 1146880K
  class space    used 13960K, capacity 15150K, committed 15232K, reserved 1048576K
}
Event: 644.829 GC heap after
{Heap after GC invocations=44 (full 0):
 garbage-first heap   total 345088K, used 204240K [0x0000000080000000, 0x0000000100000000)
  region size 1024K, 8 young (8192K), 8 survivors (8192K)
 Metaspace       used 109246K, capacity 112192K, committed 112340K, reserved 1146880K
  class space    used 13960K, capacity 15150K, committed 15232K, reserved 1048576K
}
Event: 645.063 GC heap before
{Heap before GC invocations=44 (full 0):
 garbage-first heap   total 345088K, used 259536K [0x0000000080000000, 0x0000000100000000)
  region size 1024K, 62 young (63488K), 8 survivors (8192K)
 Metaspace       used 110454K, capacity 113283K, committed 113876K, reserved 1148928K
  class space    used 14135K, capacity 15288K, committed 15488K, reserved 1048576K
}

