# JRE version: OpenJDK Runtime Environment (11.0.11+9) (build 11.0.11+9-b60-7590822)
# Java VM: OpenJDK 64-Bit Server VM (11.0.11+9-b60-7590822, mixed mode, tiered, compressed oops, g1 gc, windows-amd64)
Heap:
 garbage-first heap   total 189440K, used 63553K [0x0000000080000000, 0x0000000100000000)
  region size 1024K, 5 young (5120K), 5 survivors (5120K)
 Metaspace       used 68062K, capacity 69580K, committed 69656K, reserved 1110016K
  class space    used 8591K, capacity 9164K, committed 9240K, reserved 1048576K
GC Heap History (20 events):
Event: 2.627 GC heap after
{Heap after GC invocations=3 (full 0):
 garbage-first heap   total 131072K, used 16337K [0x0000000080000000, 0x0000000100000000)
  region size 1024K, 7 young (7168K), 7 survivors (7168K)
 Metaspace       used 17868K, capacity 18290K, committed 18432K, reserved 1064960K
  class space    used 2126K, capacity 2253K, committed 2304K, reserved 1048576K
}
Event: 2.922 GC heap before
{Heap before GC invocations=3 (full 0):
 garbage-first heap   total 131072K, used 38865K [0x0000000080000000, 0x0000000100000000)
  region size 1024K, 30 young (30720K), 7 survivors (7168K)
 Metaspace       used 20645K, capacity 21077K, committed 21248K, reserved 1067008K
  class space    used 2536K, capacity 2692K, committed 2816K, reserved 1048576K
}
Event: 2.930 GC heap after
{Heap after GC invocations=4 (full 0):
 garbage-first heap   total 131072K, used 17702K [0x0000000080000000, 0x0000000100000000)
  region size 1024K, 1 young (1024K), 1 survivors (1024K)
 Metaspace       used 20645K, capacity 21077K, committed 21248K, reserved 1067008K
  class space    used 2536K, capacity 2692K, committed 2816K, reserved 1048576K
}
Event: 3.628 GC heap before
{Heap before GC invocations=5 (full 0):
 garbage-first heap   total 131072K, used 72998K [0x0000000080000000, 0x0000000100000000)
  region size 1024K, 55 young (56320K), 1 survivors (1024K)
 Metaspace       used 26204K, capacity 26772K, committed 27008K, reserved 1073152K
  class space    used 3430K, capacity 3618K, committed 3712K, reserved 1048576K
}
Event: 3.632 GC heap after
{Heap after GC invocations=6 (full 0):
 garbage-first heap   total 131072K, used 19605K [0x0000000080000000, 0x0000000100000000)
  region size 1024K, 3 young (3072K), 3 survivors (3072K)
 Metaspace       used 26204K, capacity 26772K, committed 27008K, reserved 1073152K
  class space    used 3430K, capacity 3618K, committed 3712K, reserved 1048576K
}
Event: 4.634 GC heap before
{Heap before GC invocations=6 (full 0):
 garbage-first heap   total 131072K, used 75925K [0x0000000080000000, 0x0000000100000000)
  region size 1024K, 59 young (60416K), 3 survivors (3072K)
 Metaspace       used 35053K, capacity 35787K, committed 35840K, reserved 1081344K
  class space    used 4558K, capacity 4863K, committed 4864K, reserved 1048576K
}
Event: 4.647 GC heap after
{Heap after GC invocations=7 (full 0):
 garbage-first heap   total 131072K, used 23111K [0x0000000080000000, 0x0000000100000000)
  region size 1024K, 7 young (7168K), 7 survivors (7168K)
 Metaspace       used 35053K, capacity 35787K, committed 35840K, reserved 1081344K
  class space    used 4558K, capacity 4863K, committed 4864K, reserved 1048576K
}
Event: 5.504 GC heap before
{Heap before GC invocations=8 (full 0):
 garbage-first heap   total 131072K, used 85575K [0x0000000080000000, 0x0000000100000000)
  region size 1024K, 65 young (66560K), 7 survivors (7168K)
 Metaspace       used 39287K, capacity 40208K, committed 40268K, reserved 1083392K
  class space    used 5040K, capacity 5393K, committed 5452K, reserved 1048576K
}
Event: 5.515 GC heap after
{Heap after GC invocations=9 (full 0):
 garbage-first heap   total 131072K, used 28136K [0x0000000080000000, 0x0000000100000000)
  region size 1024K, 9 young (9216K), 9 survivors (9216K)
 Metaspace       used 39287K, capacity 40208K, committed 40268K, reserved 1083392K
  class space    used 5040K, capacity 5393K, committed 5452K, reserved 1048576K
}
Event: 6.300 GC heap before
{Heap before GC invocations=9 (full 0):
 garbage-first heap   total 131072K, used 89576K [0x0000000080000000, 0x0000000100000000)
  region size 1024K, 69 young (70656K), 9 survivors (9216K)
 Metaspace       used 44983K, capacity 45995K, committed 46156K, reserved 1089536K
  class space    used 5773K, capacity 6162K, committed 6220K, reserved 1048576K
}
Event: 6.311 GC heap after
{Heap after GC invocations=10 (full 0):
 garbage-first heap   total 157696K, used 30233K [0x0000000080000000, 0x0000000100000000)
  region size 1024K, 3 young (3072K), 3 survivors (3072K)
 Metaspace       used 44983K, capacity 45995K, committed 46156K, reserved 1089536K
  class space    used 5773K, capacity 6162K, committed 6220K, reserved 1048576K
}
Event: 7.602 GC heap before
{Heap before GC invocations=10 (full 0):
 garbage-first heap   total 157696K, used 128537K [0x0000000080000000, 0x0000000100000000)
  region size 1024K, 91 young (93184K), 3 survivors (3072K)
 Metaspace       used 48588K, capacity 49785K, committed 49996K, reserved 1093632K
  class space    used 6206K, capacity 6681K, committed 6732K, reserved 1048576K
}
Event: 7.613 GC heap after
{Heap after GC invocations=11 (full 0):
 garbage-first heap   total 157696K, used 51504K [0x0000000080000000, 0x0000000100000000)
  region size 1024K, 12 young (12288K), 12 survivors (12288K)
 Metaspace       used 48588K, capacity 49785K, committed 49996K, reserved 1093632K
  class space    used 6206K, capacity 6681K, committed 6732K, reserved 1048576K
}
Event: 8.709 GC heap before
{Heap before GC invocations=11 (full 0):
 garbage-first heap   total 157696K, used 114992K [0x0000000080000000, 0x0000000100000000)
  region size 1024K, 74 young (75776K), 12 survivors (12288K)
 Metaspace       used 57588K, capacity 58934K, committed 59084K, reserved 1099776K
  class space    used 7247K, capacity 7767K, committed 7884K, reserved 1048576K
}
Event: 8.722 GC heap after
{Heap after GC invocations=12 (full 0):
 garbage-first heap   total 157696K, used 54785K [0x0000000080000000, 0x0000000100000000)
  region size 1024K, 3 young (3072K), 3 survivors (3072K)
 Metaspace       used 57588K, capacity 58934K, committed 59084K, reserved 1099776K
  class space    used 7247K, capacity 7767K, committed 7884K, reserved 1048576K
}
Event: 8.885 GC heap before
{Heap before GC invocations=12 (full 0):
 garbage-first heap   total 157696K, used 65025K [0x0000000080000000, 0x0000000100000000)
  region size 1024K, 14 young (14336K), 3 survivors (3072K)
 Metaspace       used 58848K, capacity 60163K, committed 60236K, reserved 1101824K
  class space    used 7440K, capacity 7960K, committed 8012K, reserved 1048576K
}
Event: 8.890 GC heap after
{Heap after GC invocations=13 (full 0):
 garbage-first heap   total 157696K, used 54591K [0x0000000080000000, 0x0000000100000000)
  region size 1024K, 3 young (3072K), 3 survivors (3072K)
 Metaspace       used 58848K, capacity 60163K, committed 60236K, reserved 1101824K
  class space    used 7440K, capacity 7960K, committed 8012K, reserved 1048576K
}
Event: 9.849 GC heap before
{Heap before GC invocations=14 (full 0):
 garbage-first heap   total 157696K, used 112959K [0x0000000080000000, 0x0000000100000000)
  region size 1024K, 60 young (61440K), 3 survivors (3072K)
 Metaspace       used 64899K, capacity 66309K, committed 66456K, reserved 1107968K
  class space    used 8184K, capacity 8741K, committed 8856K, reserved 1048576K
}
Event: 9.864 GC heap after
{Heap after GC invocations=15 (full 0):
 garbage-first heap   total 157696K, used 59438K [0x0000000080000000, 0x0000000100000000)
  region size 1024K, 8 young (8192K), 8 survivors (8192K)
 Metaspace       used 64899K, capacity 66309K, committed 66456K, reserved 1107968K
  class space    used 8184K, capacity 8741K, committed 8856K, reserved 1048576K
}
Event: 10.713 GC heap before
{Heap before GC invocations=16 (full 0):
 garbage-first heap   total 157696K, used 116782K [0x0000000080000000, 0x0000000100000000)
  region size 1024K, 64 young (65536K), 8 survivors (8192K)
 Metaspace       used 68062K, capacity 69580K, committed 69656K, reserved 1110016K
  class space    used 8591K, capacity 9164K, committed 9240K, reserved 1048576K
}

