# JRE version: OpenJDK Runtime Environment (11.0.11+9) (build 11.0.11+9-b60-7590822)
# Java VM: OpenJDK 64-Bit Server VM (11.0.11+9-b60-7590822, mixed mode, tiered, compressed oops, g1 gc, windows-amd64)
Heap:
 garbage-first heap   total 577536K, used 258349K [0x0000000080000000, 0x0000000100000000)
  region size 1024K, 3 young (3072K), 3 survivors (3072K)
 Metaspace       used 152489K, capacity 156519K, committed 156772K, reserved 1185792K
  class space    used 18769K, capacity 20236K, committed 20376K, reserved 1048576K
GC Heap History (20 events):
Event: 358.371 GC heap after
{Heap after GC invocations=118 (full 0):
 garbage-first heap   total 395264K, used 172527K [0x0000000080000000, 0x0000000100000000)
  region size 1024K, 2 young (2048K), 2 survivors (2048K)
 Metaspace       used 144615K, capacity 148327K, committed 148452K, reserved 1179648K
  class space    used 17597K, capacity 18950K, committed 18968K, reserved 1048576K
}
Event: 359.222 GC heap before
{Heap before GC invocations=118 (full 0):
 garbage-first heap   total 395264K, used 310767K [0x0000000080000000, 0x0000000100000000)
  region size 1024K, 137 young (140288K), 2 survivors (2048K)
 Metaspace       used 144620K, capacity 148327K, committed 148452K, reserved 1179648K
  class space    used 17597K, capacity 18950K, committed 18968K, reserved 1048576K
}
Event: 359.225 GC heap after
{Heap after GC invocations=119 (full 0):
 garbage-first heap   total 395264K, used 170258K [0x0000000080000000, 0x0000000100000000)
  region size 1024K, 2 young (2048K), 2 survivors (2048K)
 Metaspace       used 144620K, capacity 148327K, committed 148452K, reserved 1179648K
  class space    used 17597K, capacity 18950K, committed 18968K, reserved 1048576K
}
Event: 359.883 GC heap before
{Heap before GC invocations=119 (full 0):
 garbage-first heap   total 395264K, used 315666K [0x0000000080000000, 0x0000000100000000)
  region size 1024K, 144 young (147456K), 2 survivors (2048K)
 Metaspace       used 144628K, capacity 148329K, committed 148452K, reserved 1179648K
  class space    used 17597K, capacity 18950K, committed 18968K, reserved 1048576K
}
Event: 359.888 GC heap after
{Heap after GC invocations=120 (full 0):
 garbage-first heap   total 395264K, used 170218K [0x0000000080000000, 0x0000000100000000)
  region size 1024K, 2 young (2048K), 2 survivors (2048K)
 Metaspace       used 144628K, capacity 148329K, committed 148452K, reserved 1179648K
  class space    used 17597K, capacity 18950K, committed 18968K, reserved 1048576K
}
Event: 360.471 GC heap before
{Heap before GC invocations=121 (full 0):
 garbage-first heap   total 395264K, used 325866K [0x0000000080000000, 0x0000000100000000)
  region size 1024K, 149 young (152576K), 2 survivors (2048K)
 Metaspace       used 145014K, capacity 148678K, committed 148836K, reserved 1179648K
  class space    used 17655K, capacity 19001K, committed 19096K, reserved 1048576K
}
Event: 360.477 GC heap after
{Heap after GC invocations=122 (full 0):
 garbage-first heap   total 395264K, used 175175K [0x0000000080000000, 0x0000000100000000)
  region size 1024K, 5 young (5120K), 5 survivors (5120K)
 Metaspace       used 145014K, capacity 148678K, committed 148836K, reserved 1179648K
  class space    used 17655K, capacity 19001K, committed 19096K, reserved 1048576K
}
Event: 360.523 GC heap before
{Heap before GC invocations=122 (full 0):
 garbage-first heap   total 395264K, used 189511K [0x0000000080000000, 0x0000000100000000)
  region size 1024K, 19 young (19456K), 5 survivors (5120K)
 Metaspace       used 145260K, capacity 148953K, committed 149092K, reserved 1179648K
  class space    used 17689K, capacity 19050K, committed 19096K, reserved 1048576K
}
Event: 360.529 GC heap after
{Heap after GC invocations=123 (full 0):
 garbage-first heap   total 395264K, used 166952K [0x0000000080000000, 0x0000000100000000)
  region size 1024K, 1 young (1024K), 1 survivors (1024K)
 Metaspace       used 145260K, capacity 148953K, committed 149092K, reserved 1179648K
  class space    used 17689K, capacity 19050K, committed 19096K, reserved 1048576K
}
Event: 360.923 GC heap before
{Heap before GC invocations=123 (full 0):
 garbage-first heap   total 395264K, used 321576K [0x0000000080000000, 0x0000000100000000)
  region size 1024K, 153 young (156672K), 1 survivors (1024K)
 Metaspace       used 147801K, capacity 151605K, committed 151780K, reserved 1181696K
  class space    used 18048K, capacity 19428K, committed 19480K, reserved 1048576K
}
Event: 360.938 GC heap after
{Heap after GC invocations=124 (full 0):
 garbage-first heap   total 395264K, used 188197K [0x0000000080000000, 0x0000000100000000)
  region size 1024K, 20 young (20480K), 20 survivors (20480K)
 Metaspace       used 147801K, capacity 151605K, committed 151780K, reserved 1181696K
  class space    used 18048K, capacity 19428K, committed 19480K, reserved 1048576K
}
Event: 361.280 GC heap before
{Heap before GC invocations=124 (full 0):
 garbage-first heap   total 395264K, used 321317K [0x0000000080000000, 0x0000000100000000)
  region size 1024K, 151 young (154624K), 20 survivors (20480K)
 Metaspace       used 149922K, capacity 153854K, committed 153956K, reserved 1183744K
  class space    used 18399K, capacity 19840K, committed 19864K, reserved 1048576K
}
Event: 361.315 GC heap after
{Heap after GC invocations=125 (full 0):
 garbage-first heap   total 395264K, used 213860K [0x0000000080000000, 0x0000000100000000)
  region size 1024K, 19 young (19456K), 19 survivors (19456K)
 Metaspace       used 149922K, capacity 153854K, committed 153956K, reserved 1183744K
  class space    used 18399K, capacity 19840K, committed 19864K, reserved 1048576K
}
Event: 361.542 GC heap before
{Heap before GC invocations=125 (full 0):
 garbage-first heap   total 395264K, used 317284K [0x0000000080000000, 0x0000000100000000)
  region size 1024K, 120 young (122880K), 19 survivors (19456K)
 Metaspace       used 151637K, capacity 155680K, committed 155876K, reserved 1185792K
  class space    used 18683K, capacity 20167K, committed 20248K, reserved 1048576K
}
Event: 361.593 GC heap after
{Heap after GC invocations=126 (full 0):
 garbage-first heap   total 395264K, used 230400K [0x0000000080000000, 0x0000000100000000)
  region size 1024K, 15 young (15360K), 15 survivors (15360K)
 Metaspace       used 151637K, capacity 155680K, committed 155876K, reserved 1185792K
  class space    used 18683K, capacity 20167K, committed 20248K, reserved 1048576K
}
Event: 361.968 GC heap before
{Heap before GC invocations=126 (full 0):
 garbage-first heap   total 395264K, used 318464K [0x0000000080000000, 0x0000000100000000)
  region size 1024K, 101 young (103424K), 15 survivors (15360K)
 Metaspace       used 152151K, capacity 156112K, committed 156516K, reserved 1185792K
  class space    used 18741K, capacity 20193K, committed 20376K, reserved 1048576K
}
Event: 362.000 GC heap after
{Heap after GC invocations=127 (full 0):
 garbage-first heap   total 395264K, used 245656K [0x0000000080000000, 0x0000000100000000)
  region size 1024K, 13 young (13312K), 13 survivors (13312K)
 Metaspace       used 152151K, capacity 156112K, committed 156516K, reserved 1185792K
  class space    used 18741K, capacity 20193K, committed 20376K, reserved 1048576K
}
Event: 362.243 GC heap before
{Heap before GC invocations=128 (full 0):
 garbage-first heap   total 395264K, used 322456K [0x0000000080000000, 0x0000000100000000)
  region size 1024K, 88 young (90112K), 13 survivors (13312K)
 Metaspace       used 152469K, capacity 156455K, committed 156772K, reserved 1185792K
  class space    used 18769K, capacity 20236K, committed 20376K, reserved 1048576K
}
Event: 362.275 GC heap after
{Heap after GC invocations=129 (full 0):
 garbage-first heap   total 395264K, used 257510K [0x0000000080000000, 0x0000000100000000)
  region size 1024K, 11 young (11264K), 11 survivors (11264K)
 Metaspace       used 152469K, capacity 156455K, committed 156772K, reserved 1185792K
  class space    used 18769K, capacity 20236K, committed 20376K, reserved 1048576K
}
Event: 362.291 GC heap before
{Heap before GC invocations=129 (full 0):
 garbage-first heap   total 395264K, used 265702K [0x0000000080000000, 0x0000000100000000)
  region size 1024K, 19 young (19456K), 11 survivors (11264K)
 Metaspace       used 152489K, capacity 156519K, committed 156772K, reserved 1185792K
  class space    used 18769K, capacity 20236K, committed 20376K, reserved 1048576K
}

