# JRE version: OpenJDK Runtime Environment (11.0.11+9) (build 11.0.11+9-b60-7590822)
# Java VM: OpenJDK 64-Bit Server VM (11.0.11+9-b60-7590822, mixed mode, tiered, compressed oops, g1 gc, windows-amd64)
Heap:
 garbage-first heap   total 509952K, used 174080K [0x0000000080000000, 0x0000000100000000)
  region size 1024K, 2 young (2048K), 2 survivors (2048K)
 Metaspace       used 144157K, capacity 148859K, committed 149076K, reserved 1179648K
  class space    used 17618K, capacity 19397K, committed 19456K, reserved 1048576K
GC Heap History (20 events):
Event: 1577.526 GC heap after
{Heap after GC invocations=94 (full 0):
 garbage-first heap   total 350208K, used 206843K [0x0000000080000000, 0x0000000100000000)
  region size 1024K, 6 young (6144K), 6 survivors (6144K)
 Metaspace       used 141074K, capacity 145650K, committed 145748K, reserved 1175552K
  class space    used 17375K, capacity 19138K, committed 19200K, reserved 1048576K
}
Event: 1577.565 GC heap before
{Heap before GC invocations=94 (full 0):
 garbage-first heap   total 350208K, used 218107K [0x0000000080000000, 0x0000000100000000)
  region size 1024K, 17 young (17408K), 6 survivors (6144K)
 Metaspace       used 141074K, capacity 145650K, committed 145748K, reserved 1175552K
  class space    used 17375K, capacity 19138K, committed 19200K, reserved 1048576K
}
Event: 1577.581 GC heap after
{Heap after GC invocations=95 (full 0):
 garbage-first heap   total 350208K, used 196330K [0x0000000080000000, 0x0000000100000000)
  region size 1024K, 1 young (1024K), 1 survivors (1024K)
 Metaspace       used 141074K, capacity 145650K, committed 145748K, reserved 1175552K
  class space    used 17375K, capacity 19138K, committed 19200K, reserved 1048576K
}
Event: 1577.794 GC heap before
{Heap before GC invocations=95 (full 0):
 garbage-first heap   total 350208K, used 227050K [0x0000000080000000, 0x0000000100000000)
  region size 1024K, 32 young (32768K), 1 survivors (1024K)
 Metaspace       used 141080K, capacity 145656K, committed 145748K, reserved 1175552K
  class space    used 17376K, capacity 19140K, committed 19200K, reserved 1048576K
}
Event: 1577.809 GC heap after
{Heap after GC invocations=96 (full 0):
 garbage-first heap   total 350208K, used 201997K [0x0000000080000000, 0x0000000100000000)
  region size 1024K, 7 young (7168K), 7 survivors (7168K)
 Metaspace       used 141080K, capacity 145656K, committed 145748K, reserved 1175552K
  class space    used 17376K, capacity 19140K, committed 19200K, reserved 1048576K
}
Event: 1578.415 GC heap before
{Heap before GC invocations=97 (full 0):
 garbage-first heap   total 350208K, used 301325K [0x0000000080000000, 0x0000000100000000)
  region size 1024K, 88 young (90112K), 7 survivors (7168K)
 Metaspace       used 141264K, capacity 145872K, committed 146004K, reserved 1175552K
  class space    used 17392K, capacity 19145K, committed 19200K, reserved 1048576K
}
Event: 1578.429 GC heap after
{Heap after GC invocations=98 (full 0):
 garbage-first heap   total 350208K, used 206155K [0x0000000080000000, 0x0000000100000000)
  region size 1024K, 10 young (10240K), 10 survivors (10240K)
 Metaspace       used 141264K, capacity 145872K, committed 146004K, reserved 1175552K
  class space    used 17392K, capacity 19145K, committed 19200K, reserved 1048576K
}
Event: 1578.464 GC heap before
{Heap before GC invocations=98 (full 0):
 garbage-first heap   total 350208K, used 213323K [0x0000000080000000, 0x0000000100000000)
  region size 1024K, 17 young (17408K), 10 survivors (10240K)
 Metaspace       used 141547K, capacity 146160K, committed 146260K, reserved 1177600K
  class space    used 17424K, capacity 19177K, committed 19200K, reserved 1048576K
}
Event: 1578.474 GC heap after
{Heap after GC invocations=99 (full 0):
 garbage-first heap   total 350208K, used 206578K [0x0000000080000000, 0x0000000100000000)
  region size 1024K, 2 young (2048K), 2 survivors (2048K)
 Metaspace       used 141547K, capacity 146160K, committed 146260K, reserved 1177600K
  class space    used 17424K, capacity 19177K, committed 19200K, reserved 1048576K
}
Event: 1579.059 GC heap before
{Heap before GC invocations=99 (full 0):
 garbage-first heap   total 350208K, used 286450K [0x0000000080000000, 0x0000000100000000)
  region size 1024K, 82 young (83968K), 2 survivors (2048K)
 Metaspace       used 142752K, capacity 147307K, committed 147412K, reserved 1177600K
  class space    used 17548K, capacity 19323K, committed 19328K, reserved 1048576K
}
Event: 1579.068 GC heap after
{Heap after GC invocations=100 (full 0):
 garbage-first heap   total 350208K, used 207035K [0x0000000080000000, 0x0000000100000000)
  region size 1024K, 3 young (3072K), 3 survivors (3072K)
 Metaspace       used 142752K, capacity 147307K, committed 147412K, reserved 1177600K
  class space    used 17548K, capacity 19323K, committed 19328K, reserved 1048576K
}
Event: 1579.827 GC heap before
{Heap before GC invocations=101 (full 0):
 garbage-first heap   total 350208K, used 256187K [0x0000000080000000, 0x0000000100000000)
  region size 1024K, 85 young (87040K), 3 survivors (3072K)
 Metaspace       used 143375K, capacity 148078K, committed 148308K, reserved 1177600K
  class space    used 17599K, capacity 19379K, committed 19456K, reserved 1048576K
}
Event: 1579.844 GC heap after
{Heap after GC invocations=102 (full 0):
 garbage-first heap   total 350208K, used 185581K [0x0000000080000000, 0x0000000100000000)
  region size 1024K, 11 young (11264K), 11 survivors (11264K)
 Metaspace       used 143375K, capacity 148078K, committed 148308K, reserved 1177600K
  class space    used 17599K, capacity 19379K, committed 19456K, reserved 1048576K
}
Event: 1579.867 GC heap before
{Heap before GC invocations=102 (full 0):
 garbage-first heap   total 350208K, used 190701K [0x0000000080000000, 0x0000000100000000)
  region size 1024K, 17 young (17408K), 11 survivors (11264K)
 Metaspace       used 143403K, capacity 148081K, committed 148308K, reserved 1177600K
  class space    used 17599K, capacity 19379K, committed 19456K, reserved 1048576K
}
Event: 1579.893 GC heap after
{Heap after GC invocations=103 (full 0):
 garbage-first heap   total 350208K, used 160017K [0x0000000080000000, 0x0000000100000000)
  region size 1024K, 2 young (2048K), 2 survivors (2048K)
 Metaspace       used 143403K, capacity 148081K, committed 148308K, reserved 1177600K
  class space    used 17599K, capacity 19379K, committed 19456K, reserved 1048576K
}
Event: 1580.327 GC heap before
{Heap before GC invocations=103 (full 0):
 garbage-first heap   total 350208K, used 274705K [0x0000000080000000, 0x0000000100000000)
  region size 1024K, 114 young (116736K), 2 survivors (2048K)
 Metaspace       used 143987K, capacity 148646K, committed 148820K, reserved 1179648K
  class space    used 17612K, capacity 19392K, committed 19456K, reserved 1048576K
}
Event: 1580.361 GC heap after
{Heap after GC invocations=104 (full 0):
 garbage-first heap   total 350208K, used 175440K [0x0000000080000000, 0x0000000100000000)
  region size 1024K, 15 young (15360K), 15 survivors (15360K)
 Metaspace       used 143987K, capacity 148646K, committed 148820K, reserved 1179648K
  class space    used 17612K, capacity 19392K, committed 19456K, reserved 1048576K
}
Event: 1580.984 GC heap before
{Heap before GC invocations=105 (full 0):
 garbage-first heap   total 350208K, used 276816K [0x0000000080000000, 0x0000000100000000)
  region size 1024K, 116 young (118784K), 15 survivors (15360K)
 Metaspace       used 144156K, capacity 148859K, committed 149076K, reserved 1179648K
  class space    used 17618K, capacity 19397K, committed 19456K, reserved 1048576K
}
Event: 1581.005 GC heap after
{Heap after GC invocations=106 (full 0):
 garbage-first heap   total 350208K, used 177424K [0x0000000080000000, 0x0000000100000000)
  region size 1024K, 6 young (6144K), 6 survivors (6144K)
 Metaspace       used 144156K, capacity 148859K, committed 149076K, reserved 1179648K
  class space    used 17618K, capacity 19397K, committed 19456K, reserved 1048576K
}
Event: 1581.045 GC heap before
{Heap before GC invocations=106 (full 0):
 garbage-first heap   total 350208K, used 188688K [0x0000000080000000, 0x0000000100000000)
  region size 1024K, 17 young (17408K), 6 survivors (6144K)
 Metaspace       used 144157K, capacity 148859K, committed 149076K, reserved 1179648K
  class space    used 17618K, capacity 19397K, committed 19456K, reserved 1048576K
}

