# JRE version: OpenJDK Runtime Environment (11.0.11+9) (build 11.0.11+9-b60-7590822)
# Java VM: OpenJDK 64-Bit Server VM (11.0.11+9-b60-7590822, mixed mode, tiered, compressed oops, g1 gc, windows-amd64)
Heap:
 garbage-first heap   total 189440K, used 149227K [0x0000000080000000, 0x0000000100000000)
  region size 1024K, 49 young (50176K), 5 survivors (5120K)
 Metaspace       used 109160K, capacity 112319K, committed 112596K, reserved 1146880K
  class space    used 14379K, capacity 15636K, committed 15744K, reserved 1048576K
GC Heap History (20 events):
Event: 11.463 GC heap before
{Heap before GC invocations=16 (full 0):
 garbage-first heap   total 157696K, used 115125K [0x0000000080000000, 0x0000000100000000)
  region size 1024K, 62 young (63488K), 8 survivors (8192K)
 Metaspace       used 68039K, capacity 69479K, committed 69716K, reserved 1110016K
  class space    used 8582K, capacity 9130K, committed 9216K, reserved 1048576K
}
Event: 11.477 GC heap after
{Heap after GC invocations=17 (full 0):
 garbage-first heap   total 189440K, used 62550K [0x0000000080000000, 0x0000000100000000)
  region size 1024K, 4 young (4096K), 4 survivors (4096K)
 Metaspace       used 68039K, capacity 69479K, committed 69716K, reserved 1110016K
  class space    used 8582K, capacity 9130K, committed 9216K, reserved 1048576K
}
Event: 12.600 GC heap before
{Heap before GC invocations=17 (full 0):
 garbage-first heap   total 189440K, used 135254K [0x0000000080000000, 0x0000000100000000)
  region size 1024K, 75 young (76800K), 4 survivors (4096K)
 Metaspace       used 74284K, capacity 75856K, committed 76116K, reserved 1116160K
  class space    used 9559K, capacity 10163K, committed 10240K, reserved 1048576K
}
Event: 12.608 GC heap after
{Heap after GC invocations=18 (full 0):
 garbage-first heap   total 189440K, used 66894K [0x0000000080000000, 0x0000000100000000)
  region size 1024K, 9 young (9216K), 9 survivors (9216K)
 Metaspace       used 74284K, capacity 75856K, committed 76116K, reserved 1116160K
  class space    used 9559K, capacity 10163K, committed 10240K, reserved 1048576K
}
Event: 13.792 GC heap before
{Heap before GC invocations=18 (full 0):
 garbage-first heap   total 189440K, used 139598K [0x0000000080000000, 0x0000000100000000)
  region size 1024K, 80 young (81920K), 9 survivors (9216K)
 Metaspace       used 81892K, capacity 83645K, committed 83924K, reserved 1122304K
  class space    used 10610K, capacity 11302K, committed 11392K, reserved 1048576K
}
Event: 13.804 GC heap after
{Heap after GC invocations=19 (full 0):
 garbage-first heap   total 189440K, used 71133K [0x0000000080000000, 0x0000000100000000)
  region size 1024K, 9 young (9216K), 9 survivors (9216K)
 Metaspace       used 81892K, capacity 83645K, committed 83924K, reserved 1122304K
  class space    used 10610K, capacity 11302K, committed 11392K, reserved 1048576K
}
Event: 14.847 GC heap before
{Heap before GC invocations=19 (full 0):
 garbage-first heap   total 189440K, used 142813K [0x0000000080000000, 0x0000000100000000)
  region size 1024K, 80 young (81920K), 9 survivors (9216K)
 Metaspace       used 86879K, capacity 88977K, committed 89172K, reserved 1126400K
  class space    used 11224K, capacity 12024K, committed 12032K, reserved 1048576K
}
Event: 14.863 GC heap after
{Heap after GC invocations=20 (full 0):
 garbage-first heap   total 189440K, used 79872K [0x0000000080000000, 0x0000000100000000)
  region size 1024K, 10 young (10240K), 10 survivors (10240K)
 Metaspace       used 86879K, capacity 88977K, committed 89172K, reserved 1126400K
  class space    used 11224K, capacity 12024K, committed 12032K, reserved 1048576K
}
Event: 15.400 GC heap before
{Heap before GC invocations=20 (full 0):
 garbage-first heap   total 189440K, used 145408K [0x0000000080000000, 0x0000000100000000)
  region size 1024K, 75 young (76800K), 10 survivors (10240K)
 Metaspace       used 87220K, capacity 89349K, committed 89556K, reserved 1126400K
  class space    used 11231K, capacity 12033K, committed 12160K, reserved 1048576K
}
Event: 15.415 GC heap after
{Heap after GC invocations=21 (full 0):
 garbage-first heap   total 189440K, used 86016K [0x0000000080000000, 0x0000000100000000)
  region size 1024K, 6 young (6144K), 6 survivors (6144K)
 Metaspace       used 87220K, capacity 89349K, committed 89556K, reserved 1126400K
  class space    used 11231K, capacity 12033K, committed 12160K, reserved 1048576K
}
Event: 16.053 GC heap before
{Heap before GC invocations=21 (full 0):
 garbage-first heap   total 189440K, used 148480K [0x0000000080000000, 0x0000000100000000)
  region size 1024K, 68 young (69632K), 6 survivors (6144K)
 Metaspace       used 88207K, capacity 90372K, committed 90580K, reserved 1128448K
  class space    used 11330K, capacity 12154K, committed 12160K, reserved 1048576K
}
Event: 16.063 GC heap after
{Heap after GC invocations=22 (full 0):
 garbage-first heap   total 189440K, used 90761K [0x0000000080000000, 0x0000000100000000)
  region size 1024K, 7 young (7168K), 7 survivors (7168K)
 Metaspace       used 88207K, capacity 90372K, committed 90580K, reserved 1128448K
  class space    used 11330K, capacity 12154K, committed 12160K, reserved 1048576K
}
Event: 16.648 GC heap before
{Heap before GC invocations=22 (full 0):
 garbage-first heap   total 189440K, used 150153K [0x0000000080000000, 0x0000000100000000)
  region size 1024K, 66 young (67584K), 7 survivors (7168K)
 Metaspace       used 91725K, capacity 93848K, committed 94164K, reserved 1130496K
  class space    used 11787K, capacity 12605K, committed 12672K, reserved 1048576K
}
Event: 16.656 GC heap after
{Heap after GC invocations=23 (full 0):
 garbage-first heap   total 189440K, used 92628K [0x0000000080000000, 0x0000000100000000)
  region size 1024K, 4 young (4096K), 4 survivors (4096K)
 Metaspace       used 91725K, capacity 93848K, committed 94164K, reserved 1130496K
  class space    used 11787K, capacity 12605K, committed 12672K, reserved 1048576K
}
Event: 30.620 GC heap before
{Heap before GC invocations=23 (full 0):
 garbage-first heap   total 189440K, used 152020K [0x0000000080000000, 0x0000000100000000)
  region size 1024K, 63 young (64512K), 4 survivors (4096K)
 Metaspace       used 96824K, capacity 99232K, committed 99284K, reserved 1134592K
  class space    used 12493K, capacity 13406K, committed 13440K, reserved 1048576K
}
Event: 30.632 GC heap after
{Heap after GC invocations=24 (full 0):
 garbage-first heap   total 189440K, used 96350K [0x0000000080000000, 0x0000000100000000)
  region size 1024K, 8 young (8192K), 8 survivors (8192K)
 Metaspace       used 96824K, capacity 99232K, committed 99284K, reserved 1134592K
  class space    used 12493K, capacity 13406K, committed 13440K, reserved 1048576K
}
Event: 31.237 GC heap before
{Heap before GC invocations=25 (full 0):
 garbage-first heap   total 189440K, used 153694K [0x0000000080000000, 0x0000000100000000)
  region size 1024K, 65 young (66560K), 8 survivors (8192K)
 Metaspace       used 97756K, capacity 100058K, committed 100436K, reserved 1136640K
  class space    used 12571K, capacity 13453K, committed 13568K, reserved 1048576K
}
Event: 31.254 GC heap after
{Heap after GC invocations=26 (full 0):
 garbage-first heap   total 189440K, used 102383K [0x0000000080000000, 0x0000000100000000)
  region size 1024K, 9 young (9216K), 9 survivors (9216K)
 Metaspace       used 97756K, capacity 100058K, committed 100436K, reserved 1136640K
  class space    used 12571K, capacity 13453K, committed 13568K, reserved 1048576K
}
Event: 31.930 GC heap before
{Heap before GC invocations=26 (full 0):
 garbage-first heap   total 189440K, used 153583K [0x0000000080000000, 0x0000000100000000)
  region size 1024K, 60 young (61440K), 9 survivors (9216K)
 Metaspace       used 100657K, capacity 103215K, committed 103380K, reserved 1138688K
  class space    used 12990K, capacity 13943K, committed 13952K, reserved 1048576K
}
Event: 31.945 GC heap after
{Heap after GC invocations=27 (full 0):
 garbage-first heap   total 189440K, used 106219K [0x0000000080000000, 0x0000000100000000)
  region size 1024K, 5 young (5120K), 5 survivors (5120K)
 Metaspace       used 100657K, capacity 103215K, committed 103380K, reserved 1138688K
  class space    used 12990K, capacity 13943K, committed 13952K, reserved 1048576K
}

