# JRE version: OpenJDK Runtime Environment (11.0.11+9) (build 11.0.11+9-b60-7590822)
# Java VM: OpenJDK 64-Bit Server VM (11.0.11+9-b60-7590822, mixed mode, tiered, compressed oops, g1 gc, windows-amd64)
Heap:
 garbage-first heap   total 189440K, used 87168K [0x0000000080000000, 0x0000000100000000)
  region size 1024K, 13 young (13312K), 8 survivors (8192K)
 Metaspace       used 86829K, capacity 88867K, committed 89112K, reserved 1126400K
  class space    used 11209K, capacity 11989K, committed 12056K, reserved 1048576K
GC Heap History (20 events):
Event: 3.270 GC heap before
{Heap before GC invocations=5 (full 0):
 garbage-first heap   total 131072K, used 72963K [0x0000000080000000, 0x0000000100000000)
  region size 1024K, 55 young (56320K), 1 survivors (1024K)
 Metaspace       used 26204K, capacity 26863K, committed 27008K, reserved 1073152K
  class space    used 3433K, capacity 3650K, committed 3712K, reserved 1048576K
}
Event: 3.275 GC heap after
{Heap after GC invocations=6 (full 0):
 garbage-first heap   total 131072K, used 19628K [0x0000000080000000, 0x0000000100000000)
  region size 1024K, 3 young (3072K), 3 survivors (3072K)
 Metaspace       used 26204K, capacity 26863K, committed 27008K, reserved 1073152K
  class space    used 3433K, capacity 3650K, committed 3712K, reserved 1048576K
}
Event: 4.123 GC heap before
{Heap before GC invocations=6 (full 0):
 garbage-first heap   total 131072K, used 75948K [0x0000000080000000, 0x0000000100000000)
  region size 1024K, 59 young (60416K), 3 survivors (3072K)
 Metaspace       used 35034K, capacity 35781K, committed 35840K, reserved 1081344K
  class space    used 4549K, capacity 4863K, committed 4864K, reserved 1048576K
}
Event: 4.135 GC heap after
{Heap after GC invocations=7 (full 0):
 garbage-first heap   total 131072K, used 23164K [0x0000000080000000, 0x0000000100000000)
  region size 1024K, 7 young (7168K), 7 survivors (7168K)
 Metaspace       used 35034K, capacity 35781K, committed 35840K, reserved 1081344K
  class space    used 4549K, capacity 4863K, committed 4864K, reserved 1048576K
}
Event: 4.922 GC heap before
{Heap before GC invocations=8 (full 0):
 garbage-first heap   total 131072K, used 84604K [0x0000000080000000, 0x0000000100000000)
  region size 1024K, 65 young (66560K), 7 survivors (7168K)
 Metaspace       used 39288K, capacity 40172K, committed 40268K, reserved 1083392K
  class space    used 5035K, capacity 5361K, committed 5452K, reserved 1048576K
}
Event: 4.938 GC heap after
{Heap after GC invocations=9 (full 0):
 garbage-first heap   total 157696K, used 28142K [0x0000000080000000, 0x0000000100000000)
  region size 1024K, 9 young (9216K), 9 survivors (9216K)
 Metaspace       used 39288K, capacity 40172K, committed 40268K, reserved 1083392K
  class space    used 5035K, capacity 5361K, committed 5452K, reserved 1048576K
}
Event: 5.892 GC heap before
{Heap before GC invocations=9 (full 0):
 garbage-first heap   total 157696K, used 105966K [0x0000000080000000, 0x0000000100000000)
  region size 1024K, 85 young (87040K), 9 survivors (9216K)
 Metaspace       used 46376K, capacity 47392K, committed 47692K, reserved 1091584K
  class space    used 5966K, capacity 6373K, committed 6476K, reserved 1048576K
}
Event: 5.905 GC heap after
{Heap after GC invocations=10 (full 0):
 garbage-first heap   total 157696K, used 30645K [0x0000000080000000, 0x0000000100000000)
  region size 1024K, 8 young (8192K), 8 survivors (8192K)
 Metaspace       used 46376K, capacity 47392K, committed 47692K, reserved 1091584K
  class space    used 5966K, capacity 6373K, committed 6476K, reserved 1048576K
}
Event: 7.043 GC heap before
{Heap before GC invocations=10 (full 0):
 garbage-first heap   total 157696K, used 123829K [0x0000000080000000, 0x0000000100000000)
  region size 1024K, 91 young (93184K), 8 survivors (8192K)
 Metaspace       used 50224K, capacity 51504K, committed 51788K, reserved 1093632K
  class space    used 6404K, capacity 6916K, committed 6988K, reserved 1048576K
}
Event: 7.057 GC heap after
{Heap after GC invocations=11 (full 0):
 garbage-first heap   total 157696K, used 51576K [0x0000000080000000, 0x0000000100000000)
  region size 1024K, 12 young (12288K), 12 survivors (12288K)
 Metaspace       used 50224K, capacity 51504K, committed 51788K, reserved 1093632K
  class space    used 6404K, capacity 6916K, committed 6988K, reserved 1048576K
}
Event: 7.951 GC heap before
{Heap before GC invocations=11 (full 0):
 garbage-first heap   total 157696K, used 110968K [0x0000000080000000, 0x0000000100000000)
  region size 1024K, 71 young (72704K), 12 survivors (12288K)
 Metaspace       used 58761K, capacity 60131K, committed 60236K, reserved 1101824K
  class space    used 7420K, capacity 7952K, committed 8012K, reserved 1048576K
}
Event: 7.975 GC heap after
{Heap after GC invocations=12 (full 0):
 garbage-first heap   total 157696K, used 54978K [0x0000000080000000, 0x0000000100000000)
  region size 1024K, 3 young (3072K), 3 survivors (3072K)
 Metaspace       used 58761K, capacity 60131K, committed 60236K, reserved 1101824K
  class space    used 7420K, capacity 7952K, committed 8012K, reserved 1048576K
}
Event: 8.902 GC heap before
{Heap before GC invocations=13 (full 0):
 garbage-first heap   total 157696K, used 117442K [0x0000000080000000, 0x0000000100000000)
  region size 1024K, 64 young (65536K), 3 survivors (3072K)
 Metaspace       used 65285K, capacity 66770K, committed 66968K, reserved 1107968K
  class space    used 8220K, capacity 8789K, committed 8856K, reserved 1048576K
}
Event: 8.916 GC heap after
{Heap after GC invocations=14 (full 0):
 garbage-first heap   total 189440K, used 60205K [0x0000000080000000, 0x0000000100000000)
  region size 1024K, 8 young (8192K), 8 survivors (8192K)
 Metaspace       used 65285K, capacity 66770K, committed 66968K, reserved 1107968K
  class space    used 8220K, capacity 8789K, committed 8856K, reserved 1048576K
}
Event: 9.785 GC heap before
{Heap before GC invocations=15 (full 0):
 garbage-first heap   total 189440K, used 133933K [0x0000000080000000, 0x0000000100000000)
  region size 1024K, 80 young (81920K), 8 survivors (8192K)
 Metaspace       used 69187K, capacity 70702K, committed 70808K, reserved 1110016K
  class space    used 8711K, capacity 9326K, committed 9368K, reserved 1048576K
}
Event: 9.797 GC heap after
{Heap after GC invocations=16 (full 0):
 garbage-first heap   total 189440K, used 64533K [0x0000000080000000, 0x0000000100000000)
  region size 1024K, 6 young (6144K), 6 survivors (6144K)
 Metaspace       used 69187K, capacity 70702K, committed 70808K, reserved 1110016K
  class space    used 8711K, capacity 9326K, committed 9368K, reserved 1048576K
}
Event: 11.023 GC heap before
{Heap before GC invocations=16 (full 0):
 garbage-first heap   total 189440K, used 138261K [0x0000000080000000, 0x0000000100000000)
  region size 1024K, 78 young (79872K), 6 survivors (6144K)
 Metaspace       used 76336K, capacity 78017K, committed 78104K, reserved 1116160K
  class space    used 9853K, capacity 10488K, committed 10520K, reserved 1048576K
}
Event: 11.034 GC heap after
{Heap after GC invocations=17 (full 0):
 garbage-first heap   total 189440K, used 68861K [0x0000000080000000, 0x0000000100000000)
  region size 1024K, 10 young (10240K), 10 survivors (10240K)
 Metaspace       used 76336K, capacity 78017K, committed 78104K, reserved 1116160K
  class space    used 9853K, capacity 10488K, committed 10520K, reserved 1048576K
}
Event: 12.343 GC heap before
{Heap before GC invocations=17 (full 0):
 garbage-first heap   total 189440K, used 141565K [0x0000000080000000, 0x0000000100000000)
  region size 1024K, 82 young (83968K), 10 survivors (10240K)
 Metaspace       used 83791K, capacity 85621K, committed 85784K, reserved 1124352K
  class space    used 10805K, capacity 11488K, committed 11544K, reserved 1048576K
}
Event: 12.362 GC heap after
{Heap after GC invocations=18 (full 0):
 garbage-first heap   total 189440K, used 75482K [0x0000000080000000, 0x0000000100000000)
  region size 1024K, 11 young (11264K), 11 survivors (11264K)
 Metaspace       used 83791K, capacity 85621K, committed 85784K, reserved 1124352K
  class space    used 10805K, capacity 11488K, committed 11544K, reserved 1048576K
}

