# JRE version: OpenJDK Runtime Environment (11.0.11+9) (build 11.0.11+9-b60-7590822)
# Java VM: OpenJDK 64-Bit Server VM (11.0.11+9-b60-7590822, mixed mode, tiered, compressed oops, g1 gc, windows-amd64)
Heap:
 garbage-first heap   total 157696K, used 116476K [0x0000000080000000, 0x0000000100000000)
  region size 1024K, 46 young (47104K), 7 survivors (7168K)
 Metaspace       used 56848K, capacity 58461K, committed 58696K, reserved 1099776K
  class space    used 7251K, capacity 7833K, committed 7936K, reserved 1048576K
GC Heap History (20 events):
Event: 2.287 GC heap before
{Heap before GC invocations=1 (full 0):
 garbage-first heap   total 131072K, used 78164K [0x0000000080000000, 0x0000000100000000)
  region size 1024K, 70 young (71680K), 3 survivors (3072K)
 Metaspace       used 17571K, capacity 18029K, committed 18176K, reserved 1064960K
  class space    used 2051K, capacity 2200K, committed 2304K, reserved 1048576K
}
Event: 2.297 GC heap after
{Heap after GC invocations=2 (full 0):
 garbage-first heap   total 131072K, used 15867K [0x0000000080000000, 0x0000000100000000)
  region size 1024K, 9 young (9216K), 9 survivors (9216K)
 Metaspace       used 17571K, capacity 18029K, committed 18176K, reserved 1064960K
  class space    used 2051K, capacity 2200K, committed 2304K, reserved 1048576K
}
Event: 2.597 GC heap before
{Heap before GC invocations=2 (full 0):
 garbage-first heap   total 131072K, used 44539K [0x0000000080000000, 0x0000000100000000)
  region size 1024K, 38 young (38912K), 9 survivors (9216K)
 Metaspace       used 20666K, capacity 21182K, committed 21296K, reserved 1069056K
  class space    used 2531K, capacity 2676K, committed 2688K, reserved 1048576K
}
Event: 2.608 GC heap after
{Heap after GC invocations=3 (full 0):
 garbage-first heap   total 131072K, used 17475K [0x0000000080000000, 0x0000000100000000)
  region size 1024K, 2 young (2048K), 2 survivors (2048K)
 Metaspace       used 20666K, capacity 21182K, committed 21296K, reserved 1069056K
  class space    used 2531K, capacity 2676K, committed 2688K, reserved 1048576K
}
Event: 3.423 GC heap before
{Heap before GC invocations=4 (full 0):
 garbage-first heap   total 131072K, used 68675K [0x0000000080000000, 0x0000000100000000)
  region size 1024K, 53 young (54272K), 2 survivors (2048K)
 Metaspace       used 26219K, capacity 26871K, committed 27184K, reserved 1073152K
  class space    used 3426K, capacity 3643K, committed 3712K, reserved 1048576K
}
Event: 3.427 GC heap after
{Heap after GC invocations=5 (full 0):
 garbage-first heap   total 131072K, used 19170K [0x0000000080000000, 0x0000000100000000)
  region size 1024K, 4 young (4096K), 4 survivors (4096K)
 Metaspace       used 26219K, capacity 26871K, committed 27184K, reserved 1073152K
  class space    used 3426K, capacity 3643K, committed 3712K, reserved 1048576K
}
Event: 4.165 GC heap before
{Heap before GC invocations=5 (full 0):
 garbage-first heap   total 131072K, used 85730K [0x0000000080000000, 0x0000000100000000)
  region size 1024K, 60 young (61440K), 4 survivors (4096K)
 Metaspace       used 31197K, capacity 32130K, committed 32432K, reserved 1077248K
  class space    used 4205K, capacity 4542K, committed 4608K, reserved 1048576K
}
Event: 4.171 GC heap after
{Heap after GC invocations=6 (full 0):
 garbage-first heap   total 131072K, used 33492K [0x0000000080000000, 0x0000000100000000)
  region size 1024K, 8 young (8192K), 8 survivors (8192K)
 Metaspace       used 31197K, capacity 32130K, committed 32432K, reserved 1077248K
  class space    used 4205K, capacity 4542K, committed 4608K, reserved 1048576K
}
Event: 4.493 GC heap before
{Heap before GC invocations=6 (full 0):
 garbage-first heap   total 131072K, used 47828K [0x0000000080000000, 0x0000000100000000)
  region size 1024K, 23 young (23552K), 8 survivors (8192K)
 Metaspace       used 34504K, capacity 35476K, committed 35632K, reserved 1079296K
  class space    used 4539K, capacity 4892K, committed 4992K, reserved 1048576K
}
Event: 4.508 GC heap after
{Heap after GC invocations=7 (full 0):
 garbage-first heap   total 131072K, used 35427K [0x0000000080000000, 0x0000000100000000)
  region size 1024K, 2 young (2048K), 2 survivors (2048K)
 Metaspace       used 34504K, capacity 35476K, committed 35632K, reserved 1079296K
  class space    used 4539K, capacity 4892K, committed 4992K, reserved 1048576K
}
Event: 5.135 GC heap before
{Heap before GC invocations=8 (full 0):
 garbage-first heap   total 131072K, used 79459K [0x0000000080000000, 0x0000000100000000)
  region size 1024K, 43 young (44032K), 2 survivors (2048K)
 Metaspace       used 39652K, capacity 40708K, committed 40904K, reserved 1085440K
  class space    used 5042K, capacity 5437K, committed 5504K, reserved 1048576K
}
Event: 5.145 GC heap after
{Heap after GC invocations=9 (full 0):
 garbage-first heap   total 157696K, used 39030K [0x0000000080000000, 0x0000000100000000)
  region size 1024K, 6 young (6144K), 6 survivors (6144K)
 Metaspace       used 39652K, capacity 40708K, committed 40904K, reserved 1085440K
  class space    used 5042K, capacity 5437K, committed 5504K, reserved 1048576K
}
Event: 5.918 GC heap before
{Heap before GC invocations=10 (full 0):
 garbage-first heap   total 157696K, used 93302K [0x0000000080000000, 0x0000000100000000)
  region size 1024K, 57 young (58368K), 6 survivors (6144K)
 Metaspace       used 43434K, capacity 44707K, committed 44872K, reserved 1087488K
  class space    used 5580K, capacity 6036K, committed 6144K, reserved 1048576K
}
Event: 5.928 GC heap after
{Heap after GC invocations=11 (full 0):
 garbage-first heap   total 157696K, used 46414K [0x0000000080000000, 0x0000000100000000)
  region size 1024K, 8 young (8192K), 8 survivors (8192K)
 Metaspace       used 43434K, capacity 44707K, committed 44872K, reserved 1087488K
  class space    used 5580K, capacity 6036K, committed 6144K, reserved 1048576K
}
Event: 6.484 GC heap before
{Heap before GC invocations=11 (full 0):
 garbage-first heap   total 157696K, used 103758K [0x0000000080000000, 0x0000000100000000)
  region size 1024K, 59 young (60416K), 8 survivors (8192K)
 Metaspace       used 46691K, capacity 47953K, committed 48200K, reserved 1091584K
  class space    used 5934K, capacity 6368K, committed 6400K, reserved 1048576K
}
Event: 6.496 GC heap after
{Heap after GC invocations=12 (full 0):
 garbage-first heap   total 157696K, used 55518K [0x0000000080000000, 0x0000000100000000)
  region size 1024K, 5 young (5120K), 5 survivors (5120K)
 Metaspace       used 46691K, capacity 47953K, committed 48200K, reserved 1091584K
  class space    used 5934K, capacity 6368K, committed 6400K, reserved 1048576K
}
Event: 7.148 GC heap before
{Heap before GC invocations=12 (full 0):
 garbage-first heap   total 157696K, used 106718K [0x0000000080000000, 0x0000000100000000)
  region size 1024K, 55 young (56320K), 5 survivors (5120K)
 Metaspace       used 49861K, capacity 51326K, committed 51528K, reserved 1093632K
  class space    used 6400K, capacity 6892K, committed 6912K, reserved 1048576K
}
Event: 7.155 GC heap after
{Heap after GC invocations=13 (full 0):
 garbage-first heap   total 157696K, used 58598K [0x0000000080000000, 0x0000000100000000)
  region size 1024K, 4 young (4096K), 4 survivors (4096K)
 Metaspace       used 49861K, capacity 51326K, committed 51528K, reserved 1093632K
  class space    used 6400K, capacity 6892K, committed 6912K, reserved 1048576K
}
Event: 7.774 GC heap before
{Heap before GC invocations=13 (full 0):
 garbage-first heap   total 157696K, used 119014K [0x0000000080000000, 0x0000000100000000)
  region size 1024K, 55 young (56320K), 4 survivors (4096K)
 Metaspace       used 51531K, capacity 53101K, committed 53320K, reserved 1095680K
  class space    used 6596K, capacity 7155K, committed 7168K, reserved 1048576K
}
Event: 7.782 GC heap after
{Heap after GC invocations=14 (full 0):
 garbage-first heap   total 157696K, used 77564K [0x0000000080000000, 0x0000000100000000)
  region size 1024K, 7 young (7168K), 7 survivors (7168K)
 Metaspace       used 51531K, capacity 53101K, committed 53320K, reserved 1095680K
  class space    used 6596K, capacity 7155K, committed 7168K, reserved 1048576K
}

