# JRE version: OpenJDK Runtime Environment (11.0.11+9) (build 11.0.11+9-b60-7590822)
# Java VM: OpenJDK 64-Bit Server VM (11.0.11+9-b60-7590822, mixed mode, tiered, compressed oops, g1 gc, windows-amd64)
Heap:
 garbage-first heap   total 273408K, used 109161K [0x0000000080000000, 0x0000000100000000)
  region size 1024K, 6 young (6144K), 6 survivors (6144K)
 Metaspace       used 99438K, capacity 101545K, committed 101744K, reserved 1138688K
  class space    used 12501K, capacity 13302K, committed 13388K, reserved 1048576K
GC Heap History (20 events):
Event: 16.670 GC heap after
{Heap after GC invocations=22 (full 0):
 garbage-first heap   total 189440K, used 104870K [0x0000000080000000, 0x0000000100000000)
  region size 1024K, 6 young (6144K), 6 survivors (6144K)
 Metaspace       used 88588K, capacity 90643K, committed 90992K, reserved 1128448K
  class space    used 11402K, capacity 12230K, committed 12364K, reserved 1048576K
}
Event: 17.008 GC heap before
{Heap before GC invocations=22 (full 0):
 garbage-first heap   total 189440K, used 113062K [0x0000000080000000, 0x0000000100000000)
  region size 1024K, 16 young (16384K), 6 survivors (6144K)
 Metaspace       used 88762K, capacity 90838K, committed 90992K, reserved 1128448K
  class space    used 11415K, capacity 12231K, committed 12364K, reserved 1048576K
}
Event: 17.022 GC heap after
{Heap after GC invocations=23 (full 0):
 garbage-first heap   total 189440K, used 110936K [0x0000000080000000, 0x0000000100000000)
  region size 1024K, 5 young (5120K), 5 survivors (5120K)
 Metaspace       used 88762K, capacity 90838K, committed 90992K, reserved 1128448K
  class space    used 11415K, capacity 12231K, committed 12364K, reserved 1048576K
}
Event: 17.375 GC heap before
{Heap before GC invocations=24 (full 0):
 garbage-first heap   total 189440K, used 145752K [0x0000000080000000, 0x0000000100000000)
  region size 1024K, 31 young (31744K), 5 survivors (5120K)
 Metaspace       used 88753K, capacity 90766K, committed 91248K, reserved 1128448K
  class space    used 11397K, capacity 12184K, committed 12364K, reserved 1048576K
}
Event: 17.382 GC heap after
{Heap after GC invocations=25 (full 0):
 garbage-first heap   total 189440K, used 112106K [0x0000000080000000, 0x0000000100000000)
  region size 1024K, 3 young (3072K), 3 survivors (3072K)
 Metaspace       used 88753K, capacity 90766K, committed 91248K, reserved 1128448K
  class space    used 11397K, capacity 12184K, committed 12364K, reserved 1048576K
}
Event: 17.547 GC heap before
{Heap before GC invocations=25 (full 0):
 garbage-first heap   total 189440K, used 139754K [0x0000000080000000, 0x0000000100000000)
  region size 1024K, 30 young (30720K), 3 survivors (3072K)
 Metaspace       used 88767K, capacity 90766K, committed 91248K, reserved 1128448K
  class space    used 11397K, capacity 12184K, committed 12364K, reserved 1048576K
}
Event: 17.550 GC heap after
{Heap after GC invocations=26 (full 0):
 garbage-first heap   total 189440K, used 112009K [0x0000000080000000, 0x0000000100000000)
  region size 1024K, 2 young (2048K), 2 survivors (2048K)
 Metaspace       used 88767K, capacity 90766K, committed 91248K, reserved 1128448K
  class space    used 11397K, capacity 12184K, committed 12364K, reserved 1048576K
}
Event: 17.813 GC heap before
{Heap before GC invocations=27 (full 0):
 garbage-first heap   total 189440K, used 129417K [0x0000000080000000, 0x0000000100000000)
  region size 1024K, 14 young (14336K), 2 survivors (2048K)
 Metaspace       used 88797K, capacity 90830K, committed 91248K, reserved 1128448K
  class space    used 11397K, capacity 12184K, committed 12364K, reserved 1048576K
}
Event: 17.824 GC heap after
{Heap after GC invocations=28 (full 0):
 garbage-first heap   total 189440K, used 122387K [0x0000000080000000, 0x0000000100000000)
  region size 1024K, 5 young (5120K), 5 survivors (5120K)
 Metaspace       used 88797K, capacity 90830K, committed 91248K, reserved 1128448K
  class space    used 11397K, capacity 12184K, committed 12364K, reserved 1048576K
}
Event: 18.215 GC heap before
{Heap before GC invocations=29 (full 0):
 garbage-first heap   total 189440K, used 154131K [0x0000000080000000, 0x0000000100000000)
  region size 1024K, 27 young (27648K), 5 survivors (5120K)
 Metaspace       used 91115K, capacity 93177K, committed 93424K, reserved 1130496K
  class space    used 11648K, capacity 12417K, committed 12492K, reserved 1048576K
}
Event: 18.226 GC heap after
{Heap after GC invocations=30 (full 0):
 garbage-first heap   total 189440K, used 119942K [0x0000000080000000, 0x0000000100000000)
  region size 1024K, 2 young (2048K), 2 survivors (2048K)
 Metaspace       used 91115K, capacity 93177K, committed 93424K, reserved 1130496K
  class space    used 11648K, capacity 12417K, committed 12492K, reserved 1048576K
}
Event: 18.508 GC heap before
{Heap before GC invocations=30 (full 0):
 garbage-first heap   total 189440K, used 143494K [0x0000000080000000, 0x0000000100000000)
  region size 1024K, 26 young (26624K), 2 survivors (2048K)
 Metaspace       used 93219K, capacity 95307K, committed 95472K, reserved 1132544K
  class space    used 11849K, capacity 12645K, committed 12748K, reserved 1048576K
}
Event: 18.520 GC heap after
{Heap after GC invocations=31 (full 0):
 garbage-first heap   total 227328K, used 121556K [0x0000000080000000, 0x0000000100000000)
  region size 1024K, 3 young (3072K), 3 survivors (3072K)
 Metaspace       used 93219K, capacity 95307K, committed 95472K, reserved 1132544K
  class space    used 11849K, capacity 12645K, committed 12748K, reserved 1048576K
}
Event: 18.948 GC heap before
{Heap before GC invocations=32 (full 0):
 garbage-first heap   total 227328K, used 146132K [0x0000000080000000, 0x0000000100000000)
  region size 1024K, 41 young (41984K), 3 survivors (3072K)
 Metaspace       used 95037K, capacity 97100K, committed 97392K, reserved 1134592K
  class space    used 12081K, capacity 12837K, committed 12876K, reserved 1048576K
}
Event: 18.956 GC heap after
{Heap after GC invocations=33 (full 0):
 garbage-first heap   total 227328K, used 111812K [0x0000000080000000, 0x0000000100000000)
  region size 1024K, 6 young (6144K), 6 survivors (6144K)
 Metaspace       used 95037K, capacity 97100K, committed 97392K, reserved 1134592K
  class space    used 12081K, capacity 12837K, committed 12876K, reserved 1048576K
}
Event: 18.996 GC heap before
{Heap before GC invocations=33 (full 0):
 garbage-first heap   total 227328K, used 115908K [0x0000000080000000, 0x0000000100000000)
  region size 1024K, 11 young (11264K), 6 survivors (6144K)
 Metaspace       used 95253K, capacity 97324K, committed 97520K, reserved 1134592K
  class space    used 12113K, capacity 12869K, committed 13004K, reserved 1048576K
}
Event: 19.004 GC heap after
{Heap after GC invocations=34 (full 0):
 garbage-first heap   total 227328K, used 99782K [0x0000000080000000, 0x0000000100000000)
  region size 1024K, 2 young (2048K), 2 survivors (2048K)
 Metaspace       used 95253K, capacity 97324K, committed 97520K, reserved 1134592K
  class space    used 12113K, capacity 12869K, committed 13004K, reserved 1048576K
}
Event: 19.402 GC heap before
{Heap before GC invocations=34 (full 0):
 garbage-first heap   total 227328K, used 146886K [0x0000000080000000, 0x0000000100000000)
  region size 1024K, 49 young (50176K), 2 survivors (2048K)
 Metaspace       used 98470K, capacity 100541K, committed 100848K, reserved 1136640K
  class space    used 12394K, capacity 13191K, committed 13260K, reserved 1048576K
}
Event: 19.412 GC heap after
{Heap after GC invocations=35 (full 0):
 garbage-first heap   total 227328K, used 107419K [0x0000000080000000, 0x0000000100000000)
  region size 1024K, 7 young (7168K), 7 survivors (7168K)
 Metaspace       used 98470K, capacity 100541K, committed 100848K, reserved 1136640K
  class space    used 12394K, capacity 13191K, committed 13260K, reserved 1048576K
}
Event: 19.994 GC heap before
{Heap before GC invocations=35 (full 0):
 garbage-first heap   total 227328K, used 155547K [0x0000000080000000, 0x0000000100000000)
  region size 1024K, 55 young (56320K), 7 survivors (7168K)
 Metaspace       used 99438K, capacity 101545K, committed 101744K, reserved 1138688K
  class space    used 12501K, capacity 13302K, committed 13388K, reserved 1048576K
}

